[debug] [2025-10-28T16:57:56.188Z] ----------------------------------------------------------------------
[debug] [2025-10-28T16:57:56.190Z] Command:       C:\Program Files\nodejs\node.exe C:\Users\sumit\AppData\Roaming\npm\node_modules\firebase-tools\lib\bin\firebase.js deploy --only functions
[debug] [2025-10-28T16:57:56.191Z] CLI Version:   14.16.0
[debug] [2025-10-28T16:57:56.191Z] Platform:      win32
[debug] [2025-10-28T16:57:56.191Z] Node Version:  v22.19.0
[debug] [2025-10-28T16:57:56.191Z] Time:          Tue Oct 28 2025 22:27:56 GMT+0530 (India Standard Time)
[debug] [2025-10-28T16:57:56.191Z] ----------------------------------------------------------------------
[debug] 
[debug] [2025-10-28T16:57:56.385Z] > command requires scopes: ["email","openid","https://www.googleapis.com/auth/cloudplatformprojects.readonly","https://www.googleapis.com/auth/firebase","https://www.googleapis.com/auth/cloud-platform"]
[debug] [2025-10-28T16:57:56.385Z] > authorizing via signed-in user (sumitjangra032@gmail.com)
[debug] [2025-10-28T16:57:56.385Z] [iam] checking project ai-bloger for permissions ["cloudfunctions.functions.create","cloudfunctions.functions.delete","cloudfunctions.functions.get","cloudfunctions.functions.list","cloudfunctions.functions.update","cloudfunctions.operations.get","firebase.projects.get"]
[debug] [2025-10-28T16:57:56.386Z] Checked if tokens are valid: true, expires at: 1761671991612
[debug] [2025-10-28T16:57:56.386Z] Checked if tokens are valid: true, expires at: 1761671991612
[debug] [2025-10-28T16:57:56.387Z] >>> [apiv2][query] POST https://cloudresourcemanager.googleapis.com/v1/projects/ai-bloger:testIamPermissions [none]
[debug] [2025-10-28T16:57:56.387Z] >>> [apiv2][(partial)header] POST https://cloudresourcemanager.googleapis.com/v1/projects/ai-bloger:testIamPermissions x-goog-quota-user=projects/ai-bloger
[debug] [2025-10-28T16:57:56.387Z] >>> [apiv2][body] POST https://cloudresourcemanager.googleapis.com/v1/projects/ai-bloger:testIamPermissions {"permissions":["cloudfunctions.functions.create","cloudfunctions.functions.delete","cloudfunctions.functions.get","cloudfunctions.functions.list","cloudfunctions.functions.update","cloudfunctions.operations.get","firebase.projects.get"]}
[debug] [2025-10-28T16:57:57.995Z] <<< [apiv2][status] POST https://cloudresourcemanager.googleapis.com/v1/projects/ai-bloger:testIamPermissions 200
[debug] [2025-10-28T16:57:57.995Z] <<< [apiv2][body] POST https://cloudresourcemanager.googleapis.com/v1/projects/ai-bloger:testIamPermissions {"permissions":["cloudfunctions.functions.create","cloudfunctions.functions.delete","cloudfunctions.functions.get","cloudfunctions.functions.list","cloudfunctions.functions.update","cloudfunctions.operations.get","firebase.projects.get"]}
[debug] [2025-10-28T16:57:57.996Z] Checked if tokens are valid: true, expires at: 1761671991612
[debug] [2025-10-28T16:57:57.996Z] Checked if tokens are valid: true, expires at: 1761671991612
[debug] [2025-10-28T16:57:57.996Z] >>> [apiv2][query] POST https://iam.googleapis.com/v1/projects/ai-bloger/serviceAccounts/ai-bloger@appspot.gserviceaccount.com:testIamPermissions [none]
[debug] [2025-10-28T16:57:57.996Z] >>> [apiv2][body] POST https://iam.googleapis.com/v1/projects/ai-bloger/serviceAccounts/ai-bloger@appspot.gserviceaccount.com:testIamPermissions {"permissions":["iam.serviceAccounts.actAs"]}
[debug] [2025-10-28T16:57:59.737Z] <<< [apiv2][status] POST https://iam.googleapis.com/v1/projects/ai-bloger/serviceAccounts/ai-bloger@appspot.gserviceaccount.com:testIamPermissions 200
[debug] [2025-10-28T16:57:59.737Z] <<< [apiv2][body] POST https://iam.googleapis.com/v1/projects/ai-bloger/serviceAccounts/ai-bloger@appspot.gserviceaccount.com:testIamPermissions {"permissions":["iam.serviceAccounts.actAs"]}
[info] 
[info] === Deploying to 'ai-bloger'...
[info] 
[info] i  deploying functions 
[debug] [2025-10-28T16:57:59.744Z] Checked if tokens are valid: true, expires at: 1761671991612
[debug] [2025-10-28T16:57:59.744Z] Checked if tokens are valid: true, expires at: 1761671991612
[debug] [2025-10-28T16:57:59.744Z] >>> [apiv2][query] GET https://cloudresourcemanager.googleapis.com/v1/projects/ai-bloger [none]
[debug] [2025-10-28T16:58:00.108Z] <<< [apiv2][status] GET https://cloudresourcemanager.googleapis.com/v1/projects/ai-bloger 200
[debug] [2025-10-28T16:58:00.109Z] <<< [apiv2][body] GET https://cloudresourcemanager.googleapis.com/v1/projects/ai-bloger {"projectNumber":"99120136772","projectId":"ai-bloger","lifecycleState":"ACTIVE","name":"ai bloger","labels":{"firebase":"enabled","firebase-core":"disabled","generative-language":"enabled"},"createTime":"2025-09-13T16:27:00.549094Z"}
[info] i  functions: preparing codebase default for deployment 
[info] i  functions: ensuring required API cloudfunctions.googleapis.com is enabled... 
[info] i  functions: ensuring required API cloudbuild.googleapis.com is enabled... 
[info] i  artifactregistry: ensuring required API artifactregistry.googleapis.com is enabled... 
[debug] [2025-10-28T16:58:00.111Z] Checked if tokens are valid: true, expires at: 1761671991612
[debug] [2025-10-28T16:58:00.112Z] Checked if tokens are valid: true, expires at: 1761671991612
[debug] [2025-10-28T16:58:00.112Z] >>> [apiv2][query] GET https://firebase.googleapis.com/v1beta1/projects/ai-bloger/adminSdkConfig [none]
[debug] [2025-10-28T16:58:01.129Z] <<< [apiv2][status] GET https://firebase.googleapis.com/v1beta1/projects/ai-bloger/adminSdkConfig 200
[debug] [2025-10-28T16:58:01.130Z] <<< [apiv2][body] GET https://firebase.googleapis.com/v1beta1/projects/ai-bloger/adminSdkConfig {"projectId":"ai-bloger","storageBucket":"ai-bloger.firebasestorage.app"}
[debug] [2025-10-28T16:58:01.130Z] Checked if tokens are valid: true, expires at: 1761671991612
[debug] [2025-10-28T16:58:01.130Z] Checked if tokens are valid: true, expires at: 1761671991612
[debug] [2025-10-28T16:58:01.131Z] >>> [apiv2][query] GET https://runtimeconfig.googleapis.com/v1beta1/projects/ai-bloger/configs [none]
[debug] [2025-10-28T16:58:01.539Z] <<< [apiv2][status] GET https://runtimeconfig.googleapis.com/v1beta1/projects/ai-bloger/configs 200
[debug] [2025-10-28T16:58:01.540Z] <<< [apiv2][body] GET https://runtimeconfig.googleapis.com/v1beta1/projects/ai-bloger/configs {}
[debug] [2025-10-28T16:58:01.542Z] Validating nodejs source
[debug] [2025-10-28T16:58:02.282Z] > [functions] package.json contents: {
  "name": "functions",
  "description": "Cloud Functions for Firebase",
  "type": "module",
  "scripts": {
    "serve": "firebase emulators:start --only functions",
    "shell": "firebase functions:shell",
    "start": "npm run shell",
    "deploy": "firebase deploy --only functions",
    "logs": "firebase functions:log"
  },
  "engines": {
    "node": "22"
  },
  "main": "index.js",
  "dependencies": {
    "firebase-admin": "^12.6.0",
    "firebase-functions": "^6.0.1"
  },
  "devDependencies": {
    "firebase-functions-test": "^3.1.0"
  },
  "private": true
}
[debug] [2025-10-28T16:58:02.282Z] Building nodejs source
[info] i  functions: Loading and analyzing source code for codebase default to determine what to deploy 
[debug] [2025-10-28T16:58:02.283Z] Could not find functions.yaml. Must use http discovery
[debug] [2025-10-28T16:58:02.290Z] Found firebase-functions binary at 'C:\Users\sumit\Desktop\aiblogappjsx\my-app\functions\node_modules\.bin\firebase-functions'
[info] Serving at port 8125

[debug] [2025-10-28T16:58:03.130Z] Got response from /__/functions.yaml {"endpoints":{"refreshBlogs":{"availableMemoryMb":null,"timeoutSeconds":null,"minInstances":null,"maxInstances":10,"ingressSettings":null,"concurrency":null,"serviceAccountEmail":null,"vpc":null,"platform":"gcfv2","labels":{},"scheduleTrigger":{"schedule":"every 60 minutes","retryConfig":{"retryCount":null,"maxDoublings":null,"maxRetrySeconds":null,"minBackoffSeconds":null,"maxBackoffSeconds":null},"timeZone":null},"entryPoint":"refreshBlogs"}},"specVersion":"v1alpha1","requiredAPIs":[{"api":"cloudscheduler.googleapis.com","reason":"Needed for scheduled functions."}],"extensions":{}}
[info] i  extensions: ensuring required API firebaseextensions.googleapis.com is enabled... 
[debug] [2025-10-28T16:58:07.172Z] > command requires scopes: ["email","openid","https://www.googleapis.com/auth/cloudplatformprojects.readonly","https://www.googleapis.com/auth/firebase","https://www.googleapis.com/auth/cloud-platform"]
[debug] [2025-10-28T16:58:07.173Z] > authorizing via signed-in user (sumitjangra032@gmail.com)
[debug] [2025-10-28T16:58:07.173Z] [iam] checking project ai-bloger for permissions ["firebase.projects.get","firebaseextensions.instances.list"]
[debug] [2025-10-28T16:58:07.173Z] Checked if tokens are valid: true, expires at: 1761671991612
[debug] [2025-10-28T16:58:07.173Z] Checked if tokens are valid: true, expires at: 1761671991612
[debug] [2025-10-28T16:58:07.173Z] >>> [apiv2][query] POST https://cloudresourcemanager.googleapis.com/v1/projects/ai-bloger:testIamPermissions [none]
[debug] [2025-10-28T16:58:07.173Z] >>> [apiv2][(partial)header] POST https://cloudresourcemanager.googleapis.com/v1/projects/ai-bloger:testIamPermissions x-goog-quota-user=projects/ai-bloger
[debug] [2025-10-28T16:58:07.173Z] >>> [apiv2][body] POST https://cloudresourcemanager.googleapis.com/v1/projects/ai-bloger:testIamPermissions {"permissions":["firebase.projects.get","firebaseextensions.instances.list"]}
[debug] [2025-10-28T16:58:08.689Z] <<< [apiv2][status] POST https://cloudresourcemanager.googleapis.com/v1/projects/ai-bloger:testIamPermissions 200
[debug] [2025-10-28T16:58:08.689Z] <<< [apiv2][body] POST https://cloudresourcemanager.googleapis.com/v1/projects/ai-bloger:testIamPermissions {"permissions":["firebase.projects.get","firebaseextensions.instances.list"]}
[debug] [2025-10-28T16:58:08.690Z] Checked if tokens are valid: true, expires at: 1761671991612
[debug] [2025-10-28T16:58:08.690Z] Checked if tokens are valid: true, expires at: 1761671991612
[debug] [2025-10-28T16:58:08.690Z] >>> [apiv2][query] GET https://firebaseextensions.googleapis.com/v1beta/projects/ai-bloger/instances pageSize=100&pageToken=
[debug] [2025-10-28T16:58:10.516Z] <<< [apiv2][status] GET https://firebaseextensions.googleapis.com/v1beta/projects/ai-bloger/instances 200
[debug] [2025-10-28T16:58:10.517Z] <<< [apiv2][body] GET https://firebaseextensions.googleapis.com/v1beta/projects/ai-bloger/instances {}
[info] i  functions: preparing functions directory for uploading... 
[info] i  functions: packaged C:\Users\sumit\Desktop\aiblogappjsx\my-app\functions (74.46 KB) for uploading 
[debug] [2025-10-28T16:58:10.561Z] Checked if tokens are valid: true, expires at: 1761671991612
[debug] [2025-10-28T16:58:10.561Z] Checked if tokens are valid: true, expires at: 1761671991612
[debug] [2025-10-28T16:58:10.561Z] >>> [apiv2][query] GET https://cloudfunctions.googleapis.com/v1/projects/ai-bloger/locations/-/functions [none]
[debug] [2025-10-28T16:58:11.444Z] <<< [apiv2][status] GET https://cloudfunctions.googleapis.com/v1/projects/ai-bloger/locations/-/functions 200
[debug] [2025-10-28T16:58:11.444Z] <<< [apiv2][body] GET https://cloudfunctions.googleapis.com/v1/projects/ai-bloger/locations/-/functions {}
[debug] [2025-10-28T16:58:11.445Z] Checked if tokens are valid: true, expires at: 1761671991612
[debug] [2025-10-28T16:58:11.445Z] Checked if tokens are valid: true, expires at: 1761671991612
[debug] [2025-10-28T16:58:11.446Z] >>> [apiv2][query] GET https://cloudfunctions.googleapis.com/v2/projects/ai-bloger/locations/-/functions filter=environment%3D%22GEN_2%22
[debug] [2025-10-28T16:58:13.021Z] <<< [apiv2][status] GET https://cloudfunctions.googleapis.com/v2/projects/ai-bloger/locations/-/functions 200
[debug] [2025-10-28T16:58:13.022Z] <<< [apiv2][body] GET https://cloudfunctions.googleapis.com/v2/projects/ai-bloger/locations/-/functions {"functions":[{"name":"projects/ai-bloger/locations/us-central1/functions/refreshBlogs","buildConfig":{"build":"projects/99120136772/locations/us-central1/builds/a4953f08-a950-4d70-9f1a-9454ee0f3c10","runtime":"nodejs22","entryPoint":"refreshBlogs","source":{"storageSource":{"bucket":"gcf-v2-sources-99120136772-us-central1","object":"refreshBlogs/function-source.zip","generation":"1761670113038231"}},"environmentVariables":{"GOOGLE_NODE_RUN_SCRIPTS":""},"dockerRepository":"projects/ai-bloger/locations/us-central1/repositories/gcf-artifacts","serviceAccount":"projects/ai-bloger/serviceAccounts/99120136772-compute@developer.gserviceaccount.com","automaticUpdatePolicy":{}},"serviceConfig":{"service":"projects/ai-bloger/locations/us-central1/services/refreshblogs","timeoutSeconds":60,"environmentVariables":{"FIREBASE_CONFIG":"{\"projectId\":\"ai-bloger\",\"storageBucket\":\"ai-bloger.firebasestorage.app\"}","GCLOUD_PROJECT":"ai-bloger","EVENTARC_CLOUD_EVENT_SOURCE":"projects/ai-bloger/locations/us-central1/services/refreshBlogs","FUNCTION_TARGET":"refreshBlogs","LOG_EXECUTION_ID":"true"},"maxInstanceCount":10,"ingressSettings":"ALLOW_ALL","uri":"https://refreshblogs-yc3qf2bq4a-uc.a.run.app","serviceAccountEmail":"99120136772-compute@developer.gserviceaccount.com","availableMemory":"256Mi","allTrafficOnLatestRevision":true,"revision":"refreshblogs-00003-jen","maxInstanceRequestConcurrency":80,"availableCpu":"1"},"state":"ACTIVE","updateTime":"2025-10-28T16:50:30.978746513Z","labels":{"firebase-functions-hash":"a4f28270bec20f75b6c7009f5a5a1fa58efb9786","deployment-tool":"cli-firebase","deployment-scheduled":"true"},"environment":"GEN_2","url":"https://us-central1-ai-bloger.cloudfunctions.net/refreshBlogs","createTime":"2025-10-28T15:46:31.728904716Z","satisfiesPzi":true}]}
[info] i  functions: ensuring required API cloudscheduler.googleapis.com is enabled... 
[info] i  functions: ensuring required API run.googleapis.com is enabled... 
[info] i  functions: ensuring required API eventarc.googleapis.com is enabled... 
[info] i  functions: ensuring required API pubsub.googleapis.com is enabled... 
[info] i  functions: ensuring required API storage.googleapis.com is enabled... 
[info] i  functions: generating the service identity for pubsub.googleapis.com... 
[debug] [2025-10-28T16:58:13.030Z] Checked if tokens are valid: true, expires at: 1761671991612
[debug] [2025-10-28T16:58:13.030Z] Checked if tokens are valid: true, expires at: 1761671991612
[info] i  functions: generating the service identity for eventarc.googleapis.com... 
[debug] [2025-10-28T16:58:13.030Z] Checked if tokens are valid: true, expires at: 1761671991612
[debug] [2025-10-28T16:58:13.031Z] Checked if tokens are valid: true, expires at: 1761671991612
[debug] [2025-10-28T16:58:13.031Z] >>> [apiv2][query] POST https://serviceusage.googleapis.com/v1beta1/projects/99120136772/services/pubsub.googleapis.com:generateServiceIdentity [none]
[debug] [2025-10-28T16:58:13.031Z] >>> [apiv2][(partial)header] POST https://serviceusage.googleapis.com/v1beta1/projects/99120136772/services/pubsub.googleapis.com:generateServiceIdentity x-goog-quota-user=projects/99120136772
[debug] [2025-10-28T16:58:13.031Z] >>> [apiv2][body] POST https://serviceusage.googleapis.com/v1beta1/projects/99120136772/services/pubsub.googleapis.com:generateServiceIdentity {}
[debug] [2025-10-28T16:58:13.032Z] >>> [apiv2][query] POST https://serviceusage.googleapis.com/v1beta1/projects/99120136772/services/eventarc.googleapis.com:generateServiceIdentity [none]
[debug] [2025-10-28T16:58:13.032Z] >>> [apiv2][(partial)header] POST https://serviceusage.googleapis.com/v1beta1/projects/99120136772/services/eventarc.googleapis.com:generateServiceIdentity x-goog-quota-user=projects/99120136772
[debug] [2025-10-28T16:58:13.032Z] >>> [apiv2][body] POST https://serviceusage.googleapis.com/v1beta1/projects/99120136772/services/eventarc.googleapis.com:generateServiceIdentity {}
[debug] [2025-10-28T16:58:15.008Z] <<< [apiv2][status] POST https://serviceusage.googleapis.com/v1beta1/projects/99120136772/services/pubsub.googleapis.com:generateServiceIdentity 200
[debug] [2025-10-28T16:58:15.009Z] <<< [apiv2][body] POST https://serviceusage.googleapis.com/v1beta1/projects/99120136772/services/pubsub.googleapis.com:generateServiceIdentity {"name":"operations/finished.DONE_OPERATION","done":true,"response":{"@type":"type.googleapis.com/google.api.serviceusage.v1beta1.ServiceIdentity","email":"service-99120136772@gcp-sa-pubsub.iam.gserviceaccount.com","uniqueId":"109101448706529874972"}}
[debug] [2025-10-28T16:58:15.040Z] <<< [apiv2][status] POST https://serviceusage.googleapis.com/v1beta1/projects/99120136772/services/eventarc.googleapis.com:generateServiceIdentity 200
[debug] [2025-10-28T16:58:15.040Z] <<< [apiv2][body] POST https://serviceusage.googleapis.com/v1beta1/projects/99120136772/services/eventarc.googleapis.com:generateServiceIdentity {"name":"operations/finished.DONE_OPERATION","done":true,"response":{"@type":"type.googleapis.com/google.api.serviceusage.v1beta1.ServiceIdentity","email":"service-99120136772@gcp-sa-eventarc.iam.gserviceaccount.com","uniqueId":"100504505969964321071"}}
[debug] [2025-10-28T16:58:15.044Z] Checked if tokens are valid: true, expires at: 1761671991612
[debug] [2025-10-28T16:58:15.044Z] Checked if tokens are valid: true, expires at: 1761671991612
[debug] [2025-10-28T16:58:15.044Z] >>> [apiv2][query] GET https://cloudresourcemanager.googleapis.com/v1/projects/ai-bloger [none]
[debug] [2025-10-28T16:58:16.606Z] <<< [apiv2][status] GET https://cloudresourcemanager.googleapis.com/v1/projects/ai-bloger 200
[debug] [2025-10-28T16:58:16.607Z] <<< [apiv2][body] GET https://cloudresourcemanager.googleapis.com/v1/projects/ai-bloger {"projectNumber":"99120136772","projectId":"ai-bloger","lifecycleState":"ACTIVE","name":"ai bloger","labels":{"firebase":"enabled","firebase-core":"disabled","generative-language":"enabled"},"createTime":"2025-09-13T16:27:00.549094Z"}
[debug] [2025-10-28T16:58:16.607Z] Checked if tokens are valid: true, expires at: 1761671991612
[debug] [2025-10-28T16:58:16.607Z] Checked if tokens are valid: true, expires at: 1761671991612
[debug] [2025-10-28T16:58:16.607Z] >>> [apiv2][query] GET https://compute.googleapis.com/compute/v1/projects/99120136772 [none]
[debug] [2025-10-28T16:58:17.100Z] <<< [apiv2][status] GET https://compute.googleapis.com/compute/v1/projects/99120136772 403
[debug] [2025-10-28T16:58:17.100Z] <<< [apiv2][body] GET https://compute.googleapis.com/compute/v1/projects/99120136772 {"error":{"code":403,"message":"Compute Engine API has not been used in project 99120136772 before or it is disabled. Enable it by visiting https://console.developers.google.com/apis/api/compute.googleapis.com/overview?project=99120136772 then retry. If you enabled this API recently, wait a few minutes for the action to propagate to our systems and retry.","errors":[{"message":"Compute Engine API has not been used in project 99120136772 before or it is disabled. Enable it by visiting https://console.developers.google.com/apis/api/compute.googleapis.com/overview?project=99120136772 then retry. If you enabled this API recently, wait a few minutes for the action to propagate to our systems and retry.","domain":"usageLimits","reason":"accessNotConfigured","extendedHelp":"https://console.developers.google.com"}],"status":"PERMISSION_DENIED","details":[{"@type":"type.googleapis.com/google.rpc.ErrorInfo","reason":"SERVICE_DISABLED","domain":"googleapis.com","metadata":{"activationUrl":"https://console.developers.google.com/apis/api/compute.googleapis.com/overview?project=99120136772","service":"compute.googleapis.com","serviceTitle":"Compute Engine API","containerInfo":"99120136772","consumer":"projects/99120136772"}},{"@type":"type.googleapis.com/google.rpc.LocalizedMessage","locale":"en-US","message":"Compute Engine API has not been used in project 99120136772 before or it is disabled. Enable it by visiting https://console.developers.google.com/apis/api/compute.googleapis.com/overview?project=99120136772 then retry. If you enabled this API recently, wait a few minutes for the action to propagate to our systems and retry."},{"@type":"type.googleapis.com/google.rpc.Help","links":[{"description":"Google developers console API activation","url":"https://console.developers.google.com/apis/api/compute.googleapis.com/overview?project=99120136772"}]}]}}
[debug] [2025-10-28T16:58:17.101Z] unable to look up default compute service account. Falling back to 99120136772-compute@developer.gserviceaccount.com. Error: {"name":"FirebaseError","children":[],"context":{"body":{"error":{"code":403,"message":"Compute Engine API has not been used in project 99120136772 before or it is disabled. Enable it by visiting https://console.developers.google.com/apis/api/compute.googleapis.com/overview?project=99120136772 then retry. If you enabled this API recently, wait a few minutes for the action to propagate to our systems and retry.","errors":[{"message":"Compute Engine API has not been used in project 99120136772 before or it is disabled. Enable it by visiting https://console.developers.google.com/apis/api/compute.googleapis.com/overview?project=99120136772 then retry. If you enabled this API recently, wait a few minutes for the action to propagate to our systems and retry.","domain":"usageLimits","reason":"accessNotConfigured","extendedHelp":"https://console.developers.google.com"}],"status":"PERMISSION_DENIED","details":[{"@type":"type.googleapis.com/google.rpc.ErrorInfo","reason":"SERVICE_DISABLED","domain":"googleapis.com","metadata":{"activationUrl":"https://console.developers.google.com/apis/api/compute.googleapis.com/overview?project=99120136772","service":"compute.googleapis.com","serviceTitle":"Compute Engine API","containerInfo":"99120136772","consumer":"projects/99120136772"}},{"@type":"type.googleapis.com/google.rpc.LocalizedMessage","locale":"en-US","message":"Compute Engine API has not been used in project 99120136772 before or it is disabled. Enable it by visiting https://console.developers.google.com/apis/api/compute.googleapis.com/overview?project=99120136772 then retry. If you enabled this API recently, wait a few minutes for the action to propagate to our systems and retry."},{"@type":"type.googleapis.com/google.rpc.Help","links":[{"description":"Google developers console API activation","url":"https://console.developers.google.com/apis/api/compute.googleapis.com/overview?project=99120136772"}]}]}},"response":{"statusCode":403}},"exit":1,"message":"Request to https://compute.googleapis.com/compute/v1/projects/99120136772 had HTTP Error: 403, Compute Engine API has not been used in project 99120136772 before or it is disabled. Enable it by visiting https://console.developers.google.com/apis/api/compute.googleapis.com/overview?project=99120136772 then retry. If you enabled this API recently, wait a few minutes for the action to propagate to our systems and retry.","status":403}
[debug] [2025-10-28T16:58:17.103Z] Checked if tokens are valid: true, expires at: 1761671991612
[debug] [2025-10-28T16:58:17.103Z] Checked if tokens are valid: true, expires at: 1761671991612
[debug] [2025-10-28T16:58:17.104Z] >>> [apiv2][query] GET https://cloudbilling.googleapis.com/v1/projects/ai-bloger/billingInfo [none]
[debug] [2025-10-28T16:58:18.639Z] <<< [apiv2][status] GET https://cloudbilling.googleapis.com/v1/projects/ai-bloger/billingInfo 200
[debug] [2025-10-28T16:58:18.639Z] <<< [apiv2][body] GET https://cloudbilling.googleapis.com/v1/projects/ai-bloger/billingInfo {"name":"projects/ai-bloger/billingInfo","projectId":"ai-bloger","billingAccountName":"billingAccounts/01AEDA-9BBB15-C5DB85","billingEnabled":true}
[debug] [2025-10-28T16:58:18.640Z] Checked if tokens are valid: true, expires at: 1761671991612
[debug] [2025-10-28T16:58:18.640Z] Checked if tokens are valid: true, expires at: 1761671991612
[debug] [2025-10-28T16:58:18.640Z] >>> [apiv2][query] POST https://cloudfunctions.googleapis.com/v2/projects/ai-bloger/locations/us-central1/functions:generateUploadUrl [none]
[debug] [2025-10-28T16:58:20.054Z] <<< [apiv2][status] POST https://cloudfunctions.googleapis.com/v2/projects/ai-bloger/locations/us-central1/functions:generateUploadUrl 200
[debug] [2025-10-28T16:58:20.054Z] <<< [apiv2][body] POST https://cloudfunctions.googleapis.com/v2/projects/ai-bloger/locations/us-central1/functions:generateUploadUrl {"uploadUrl":"https://storage.googleapis.com/gcf-v2-uploads-99120136772.us-central1.cloudfunctions.appspot.com/0f3c5361-30a5-4291-974a-780bdff8f29a.zip?GoogleAccessId=service-99120136772@gcf-admin-robot.iam.gserviceaccount.com&Expires=1761672499&Signature=cVeMwj2fq3MA%2BycDOznor0DCZiCX%2Fx9q5IlDu4z0iTMt7Uz14ELmGFyveofQEooW4lJKtxGU3Ytg0PkbJvML%2F62aG7MhrXXBbi9rHDsTyeUM%2BDLtsVlsY96IBAcz2j6Dsi02QeukDJtdqSBVpxozGnX2clr2h7O3P7B9shgaLsoRe9RKC%2BhBFnujyKlAkaFWMKljGwSRYCSqT%2BHVQMNY0gSWx5jNVJ9fGGm4Jmagrbvxc5z21oCpj4P6WG3kybg5nwyu09MX902TvjAKo2gQysd0OB30seG5WoE3li18%2B5IHnJL5EExtXsn7FQQES7TBG3IqnxqTg7QVZGeg9NQ%2FWQ%3D%3D","storageSource":{"bucket":"gcf-v2-uploads-99120136772.us-central1.cloudfunctions.appspot.com","object":"0f3c5361-30a5-4291-974a-780bdff8f29a.zip"}}
[debug] [2025-10-28T16:58:20.056Z] >>> [apiv2][query] PUT https://storage.googleapis.com/gcf-v2-uploads-99120136772.us-central1.cloudfunctions.appspot.com/0f3c5361-30a5-4291-974a-780bdff8f29a.zip GoogleAccessId=service-99120136772%40gcf-admin-robot.iam.gserviceaccount.com&Expires=1761672499&Signature=cVeMwj2fq3MA%2BycDOznor0DCZiCX%2Fx9q5IlDu4z0iTMt7Uz14ELmGFyveofQEooW4lJKtxGU3Ytg0PkbJvML%2F62aG7MhrXXBbi9rHDsTyeUM%2BDLtsVlsY96IBAcz2j6Dsi02QeukDJtdqSBVpxozGnX2clr2h7O3P7B9shgaLsoRe9RKC%2BhBFnujyKlAkaFWMKljGwSRYCSqT%2BHVQMNY0gSWx5jNVJ9fGGm4Jmagrbvxc5z21oCpj4P6WG3kybg5nwyu09MX902TvjAKo2gQysd0OB30seG5WoE3li18%2B5IHnJL5EExtXsn7FQQES7TBG3IqnxqTg7QVZGeg9NQ%2FWQ%3D%3D
[debug] [2025-10-28T16:58:20.056Z] >>> [apiv2][body] PUT https://storage.googleapis.com/gcf-v2-uploads-99120136772.us-central1.cloudfunctions.appspot.com/0f3c5361-30a5-4291-974a-780bdff8f29a.zip [stream]
[debug] [2025-10-28T16:58:20.874Z] <<< [apiv2][status] PUT https://storage.googleapis.com/gcf-v2-uploads-99120136772.us-central1.cloudfunctions.appspot.com/0f3c5361-30a5-4291-974a-780bdff8f29a.zip 200
[debug] [2025-10-28T16:58:20.874Z] <<< [apiv2][body] PUT https://storage.googleapis.com/gcf-v2-uploads-99120136772.us-central1.cloudfunctions.appspot.com/0f3c5361-30a5-4291-974a-780bdff8f29a.zip [omitted]
[info] +  functions: functions source uploaded successfully 
[info] i  functions: updating Node.js 22 (2nd Gen) function refreshBlogs(us-central1)... 
[debug] [2025-10-28T16:58:20.883Z] Checked if tokens are valid: true, expires at: 1761671991612
[debug] [2025-10-28T16:58:20.883Z] Checked if tokens are valid: true, expires at: 1761671991612
[debug] [2025-10-28T16:58:20.883Z] >>> [apiv2][query] PATCH https://cloudfunctions.googleapis.com/v2/projects/ai-bloger/locations/us-central1/functions/refreshBlogs updateMask=name%2CbuildConfig.runtime%2CbuildConfig.entryPoint%2CbuildConfig.source.storageSource.bucket%2CbuildConfig.source.storageSource.object%2CbuildConfig.environmentVariables%2CbuildConfig.sourceToken%2CserviceConfig.environmentVariables%2CserviceConfig.ingressSettings%2CserviceConfig.timeoutSeconds%2CserviceConfig.serviceAccountEmail%2CserviceConfig.availableMemory%2CserviceConfig.minInstanceCount%2CserviceConfig.maxInstanceCount%2CserviceConfig.maxInstanceRequestConcurrency%2CserviceConfig.availableCpu%2CserviceConfig.vpcConnector%2CserviceConfig.vpcConnectorEgressSettings%2Clabels
[debug] [2025-10-28T16:58:20.883Z] >>> [apiv2][body] PATCH https://cloudfunctions.googleapis.com/v2/projects/ai-bloger/locations/us-central1/functions/refreshBlogs {"name":"projects/ai-bloger/locations/us-central1/functions/refreshBlogs","buildConfig":{"runtime":"nodejs22","entryPoint":"refreshBlogs","source":{"storageSource":{"bucket":"gcf-v2-uploads-99120136772.us-central1.cloudfunctions.appspot.com","object":"0f3c5361-30a5-4291-974a-780bdff8f29a.zip"}},"environmentVariables":{"GOOGLE_NODE_RUN_SCRIPTS":""}},"serviceConfig":{"environmentVariables":{"FIREBASE_CONFIG":"{\"projectId\":\"ai-bloger\",\"storageBucket\":\"ai-bloger.firebasestorage.app\"}","GCLOUD_PROJECT":"ai-bloger","EVENTARC_CLOUD_EVENT_SOURCE":"projects/ai-bloger/locations/us-central1/services/refreshBlogs","FUNCTION_TARGET":"refreshBlogs","LOG_EXECUTION_ID":"true"},"ingressSettings":null,"timeoutSeconds":null,"serviceAccountEmail":null,"availableMemory":"256Mi","minInstanceCount":null,"maxInstanceCount":10,"maxInstanceRequestConcurrency":80,"availableCpu":"1","vpcConnector":null,"vpcConnectorEgressSettings":null},"labels":{"deployment-tool":"cli-firebase","deployment-scheduled":"true","firebase-functions-hash":"6819407c811cb78bb82ad752712ba507e9360b75"}}
[debug] [2025-10-28T16:58:22.983Z] <<< [apiv2][status] PATCH https://cloudfunctions.googleapis.com/v2/projects/ai-bloger/locations/us-central1/functions/refreshBlogs 200
[debug] [2025-10-28T16:58:22.983Z] <<< [apiv2][body] PATCH https://cloudfunctions.googleapis.com/v2/projects/ai-bloger/locations/us-central1/functions/refreshBlogs {"name":"projects/ai-bloger/locations/us-central1/operations/operation-1761670701990-6423aec6742ea-d52ff182-1f171573","metadata":{"@type":"type.googleapis.com/google.cloud.functions.v2.OperationMetadata","createTime":"2025-10-28T16:58:22.707717225Z","target":"projects/ai-bloger/locations/us-central1/functions/refreshBlogs","verb":"update","cancelRequested":false,"apiVersion":"v2"},"done":false}
[debug] [2025-10-28T16:58:22.984Z] Checked if tokens are valid: true, expires at: 1761671991612
[debug] [2025-10-28T16:58:22.984Z] Checked if tokens are valid: true, expires at: 1761671991612
[debug] [2025-10-28T16:58:22.984Z] >>> [apiv2][query] GET https://cloudfunctions.googleapis.com/v2/projects/ai-bloger/locations/us-central1/operations/operation-1761670701990-6423aec6742ea-d52ff182-1f171573 [none]
[debug] [2025-10-28T16:58:24.338Z] <<< [apiv2][status] GET https://cloudfunctions.googleapis.com/v2/projects/ai-bloger/locations/us-central1/operations/operation-1761670701990-6423aec6742ea-d52ff182-1f171573 200
[debug] [2025-10-28T16:58:24.339Z] <<< [apiv2][body] GET https://cloudfunctions.googleapis.com/v2/projects/ai-bloger/locations/us-central1/operations/operation-1761670701990-6423aec6742ea-d52ff182-1f171573 {"name":"projects/ai-bloger/locations/us-central1/operations/operation-1761670701990-6423aec6742ea-d52ff182-1f171573","metadata":{"@type":"type.googleapis.com/google.cloud.functions.v2.OperationMetadata","createTime":"2025-10-28T16:58:22.707717225Z","target":"projects/ai-bloger/locations/us-central1/functions/refreshBlogs","verb":"update","cancelRequested":false,"apiVersion":"v2","requestResource":{"@type":"type.googleapis.com/google.cloud.functions.v2.Function","name":"projects/ai-bloger/locations/us-central1/functions/refreshBlogs","buildConfig":{"runtime":"nodejs22","entryPoint":"refreshBlogs","source":{"storageSource":{"bucket":"gcf-v2-sources-99120136772-us-central1","object":"refreshBlogs/function-source.zip","generation":"1761670702649849"}},"environmentVariables":{"GOOGLE_NODE_RUN_SCRIPTS":""},"dockerRepository":"projects/ai-bloger/locations/us-central1/repositories/gcf-artifacts","serviceAccount":"projects/ai-bloger/serviceAccounts/99120136772-compute@developer.gserviceaccount.com","automaticUpdatePolicy":{}},"serviceConfig":{"service":"projects/ai-bloger/locations/us-central1/services/refreshblogs","timeoutSeconds":60,"environmentVariables":{"FIREBASE_CONFIG":"{\"projectId\":\"ai-bloger\",\"storageBucket\":\"ai-bloger.firebasestorage.app\"}","GCLOUD_PROJECT":"ai-bloger","EVENTARC_CLOUD_EVENT_SOURCE":"projects/ai-bloger/locations/us-central1/services/refreshBlogs","FUNCTION_TARGET":"refreshBlogs","LOG_EXECUTION_ID":"true"},"maxInstanceCount":10,"ingressSettings":"ALLOW_ALL","uri":"https://refreshblogs-yc3qf2bq4a-uc.a.run.app","serviceAccountEmail":"99120136772-compute@developer.gserviceaccount.com","availableMemory":"256Mi","allTrafficOnLatestRevision":true,"revision":"refreshblogs-00003-jen","maxInstanceRequestConcurrency":80,"availableCpu":"1"},"state":"ACTIVE","labels":{"deployment-tool":"cli-firebase","deployment-scheduled":"true","firebase-functions-hash":"6819407c811cb78bb82ad752712ba507e9360b75"},"environment":"GEN_2","url":"https://us-central1-ai-bloger.cloudfunctions.net/refreshBlogs","satisfiesPzi":true},"stages":[{"name":"BUILD","message":"Build in progress","state":"IN_PROGRESS","resource":"projects/99120136772/locations/us-central1/builds/b7e1b924-1e07-46d9-a0f3-4e556a93df26","resourceUri":"https://console.cloud.google.com/cloud-build/builds;region=us-central1/b7e1b924-1e07-46d9-a0f3-4e556a93df26?project=99120136772"},{"name":"SERVICE","state":"NOT_STARTED"}],"operationType":"UPDATE_FUNCTION","buildName":"projects/99120136772/locations/us-central1/builds/b7e1b924-1e07-46d9-a0f3-4e556a93df26"},"done":false}
[debug] [2025-10-28T16:58:24.842Z] [update-default-us-central1-refreshBlogs] Retrying task index 0
[debug] [2025-10-28T16:58:24.842Z] Checked if tokens are valid: true, expires at: 1761671991612
[debug] [2025-10-28T16:58:24.842Z] Checked if tokens are valid: true, expires at: 1761671991612
[debug] [2025-10-28T16:58:24.842Z] >>> [apiv2][query] GET https://cloudfunctions.googleapis.com/v2/projects/ai-bloger/locations/us-central1/operations/operation-1761670701990-6423aec6742ea-d52ff182-1f171573 [none]
[debug] [2025-10-28T16:58:26.162Z] <<< [apiv2][status] GET https://cloudfunctions.googleapis.com/v2/projects/ai-bloger/locations/us-central1/operations/operation-1761670701990-6423aec6742ea-d52ff182-1f171573 200
[debug] [2025-10-28T16:58:26.162Z] <<< [apiv2][body] GET https://cloudfunctions.googleapis.com/v2/projects/ai-bloger/locations/us-central1/operations/operation-1761670701990-6423aec6742ea-d52ff182-1f171573 {"name":"projects/ai-bloger/locations/us-central1/operations/operation-1761670701990-6423aec6742ea-d52ff182-1f171573","metadata":{"@type":"type.googleapis.com/google.cloud.functions.v2.OperationMetadata","createTime":"2025-10-28T16:58:22.707717225Z","target":"projects/ai-bloger/locations/us-central1/functions/refreshBlogs","verb":"update","cancelRequested":false,"apiVersion":"v2","requestResource":{"@type":"type.googleapis.com/google.cloud.functions.v2.Function","name":"projects/ai-bloger/locations/us-central1/functions/refreshBlogs","buildConfig":{"runtime":"nodejs22","entryPoint":"refreshBlogs","source":{"storageSource":{"bucket":"gcf-v2-sources-99120136772-us-central1","object":"refreshBlogs/function-source.zip","generation":"1761670702649849"}},"environmentVariables":{"GOOGLE_NODE_RUN_SCRIPTS":""},"dockerRepository":"projects/ai-bloger/locations/us-central1/repositories/gcf-artifacts","serviceAccount":"projects/ai-bloger/serviceAccounts/99120136772-compute@developer.gserviceaccount.com","automaticUpdatePolicy":{}},"serviceConfig":{"service":"projects/ai-bloger/locations/us-central1/services/refreshblogs","timeoutSeconds":60,"environmentVariables":{"FIREBASE_CONFIG":"{\"projectId\":\"ai-bloger\",\"storageBucket\":\"ai-bloger.firebasestorage.app\"}","GCLOUD_PROJECT":"ai-bloger","EVENTARC_CLOUD_EVENT_SOURCE":"projects/ai-bloger/locations/us-central1/services/refreshBlogs","FUNCTION_TARGET":"refreshBlogs","LOG_EXECUTION_ID":"true"},"maxInstanceCount":10,"ingressSettings":"ALLOW_ALL","uri":"https://refreshblogs-yc3qf2bq4a-uc.a.run.app","serviceAccountEmail":"99120136772-compute@developer.gserviceaccount.com","availableMemory":"256Mi","allTrafficOnLatestRevision":true,"revision":"refreshblogs-00003-jen","maxInstanceRequestConcurrency":80,"availableCpu":"1"},"state":"ACTIVE","labels":{"deployment-tool":"cli-firebase","deployment-scheduled":"true","firebase-functions-hash":"6819407c811cb78bb82ad752712ba507e9360b75"},"environment":"GEN_2","url":"https://us-central1-ai-bloger.cloudfunctions.net/refreshBlogs","satisfiesPzi":true},"stages":[{"name":"BUILD","message":"Build in progress","state":"IN_PROGRESS","resource":"projects/99120136772/locations/us-central1/builds/b7e1b924-1e07-46d9-a0f3-4e556a93df26","resourceUri":"https://console.cloud.google.com/cloud-build/builds;region=us-central1/b7e1b924-1e07-46d9-a0f3-4e556a93df26?project=99120136772"},{"name":"SERVICE","state":"NOT_STARTED"}],"operationType":"UPDATE_FUNCTION","buildName":"projects/99120136772/locations/us-central1/builds/b7e1b924-1e07-46d9-a0f3-4e556a93df26"},"done":false}
[debug] [2025-10-28T16:58:27.176Z] [update-default-us-central1-refreshBlogs] Retrying task index 0
[debug] [2025-10-28T16:58:27.177Z] Checked if tokens are valid: true, expires at: 1761671991612
[debug] [2025-10-28T16:58:27.177Z] Checked if tokens are valid: true, expires at: 1761671991612
[debug] [2025-10-28T16:58:27.177Z] >>> [apiv2][query] GET https://cloudfunctions.googleapis.com/v2/projects/ai-bloger/locations/us-central1/operations/operation-1761670701990-6423aec6742ea-d52ff182-1f171573 [none]
[debug] [2025-10-28T16:58:28.470Z] <<< [apiv2][status] GET https://cloudfunctions.googleapis.com/v2/projects/ai-bloger/locations/us-central1/operations/operation-1761670701990-6423aec6742ea-d52ff182-1f171573 200
[debug] [2025-10-28T16:58:28.471Z] <<< [apiv2][body] GET https://cloudfunctions.googleapis.com/v2/projects/ai-bloger/locations/us-central1/operations/operation-1761670701990-6423aec6742ea-d52ff182-1f171573 {"name":"projects/ai-bloger/locations/us-central1/operations/operation-1761670701990-6423aec6742ea-d52ff182-1f171573","metadata":{"@type":"type.googleapis.com/google.cloud.functions.v2.OperationMetadata","createTime":"2025-10-28T16:58:22.707717225Z","target":"projects/ai-bloger/locations/us-central1/functions/refreshBlogs","verb":"update","cancelRequested":false,"apiVersion":"v2","requestResource":{"@type":"type.googleapis.com/google.cloud.functions.v2.Function","name":"projects/ai-bloger/locations/us-central1/functions/refreshBlogs","buildConfig":{"runtime":"nodejs22","entryPoint":"refreshBlogs","source":{"storageSource":{"bucket":"gcf-v2-sources-99120136772-us-central1","object":"refreshBlogs/function-source.zip","generation":"1761670702649849"}},"environmentVariables":{"GOOGLE_NODE_RUN_SCRIPTS":""},"dockerRepository":"projects/ai-bloger/locations/us-central1/repositories/gcf-artifacts","serviceAccount":"projects/ai-bloger/serviceAccounts/99120136772-compute@developer.gserviceaccount.com","automaticUpdatePolicy":{}},"serviceConfig":{"service":"projects/ai-bloger/locations/us-central1/services/refreshblogs","timeoutSeconds":60,"environmentVariables":{"FIREBASE_CONFIG":"{\"projectId\":\"ai-bloger\",\"storageBucket\":\"ai-bloger.firebasestorage.app\"}","GCLOUD_PROJECT":"ai-bloger","EVENTARC_CLOUD_EVENT_SOURCE":"projects/ai-bloger/locations/us-central1/services/refreshBlogs","FUNCTION_TARGET":"refreshBlogs","LOG_EXECUTION_ID":"true"},"maxInstanceCount":10,"ingressSettings":"ALLOW_ALL","uri":"https://refreshblogs-yc3qf2bq4a-uc.a.run.app","serviceAccountEmail":"99120136772-compute@developer.gserviceaccount.com","availableMemory":"256Mi","allTrafficOnLatestRevision":true,"revision":"refreshblogs-00003-jen","maxInstanceRequestConcurrency":80,"availableCpu":"1"},"state":"ACTIVE","labels":{"deployment-tool":"cli-firebase","deployment-scheduled":"true","firebase-functions-hash":"6819407c811cb78bb82ad752712ba507e9360b75"},"environment":"GEN_2","url":"https://us-central1-ai-bloger.cloudfunctions.net/refreshBlogs","satisfiesPzi":true},"stages":[{"name":"BUILD","message":"Build in progress","state":"IN_PROGRESS","resource":"projects/99120136772/locations/us-central1/builds/b7e1b924-1e07-46d9-a0f3-4e556a93df26","resourceUri":"https://console.cloud.google.com/cloud-build/builds;region=us-central1/b7e1b924-1e07-46d9-a0f3-4e556a93df26?project=99120136772"},{"name":"SERVICE","state":"NOT_STARTED"}],"operationType":"UPDATE_FUNCTION","buildName":"projects/99120136772/locations/us-central1/builds/b7e1b924-1e07-46d9-a0f3-4e556a93df26"},"done":false}
[debug] [2025-10-28T16:58:30.485Z] [update-default-us-central1-refreshBlogs] Retrying task index 0
[debug] [2025-10-28T16:58:30.486Z] Checked if tokens are valid: true, expires at: 1761671991612
[debug] [2025-10-28T16:58:30.486Z] Checked if tokens are valid: true, expires at: 1761671991612
[debug] [2025-10-28T16:58:30.486Z] >>> [apiv2][query] GET https://cloudfunctions.googleapis.com/v2/projects/ai-bloger/locations/us-central1/operations/operation-1761670701990-6423aec6742ea-d52ff182-1f171573 [none]
[debug] [2025-10-28T16:58:31.805Z] <<< [apiv2][status] GET https://cloudfunctions.googleapis.com/v2/projects/ai-bloger/locations/us-central1/operations/operation-1761670701990-6423aec6742ea-d52ff182-1f171573 200
[debug] [2025-10-28T16:58:31.806Z] <<< [apiv2][body] GET https://cloudfunctions.googleapis.com/v2/projects/ai-bloger/locations/us-central1/operations/operation-1761670701990-6423aec6742ea-d52ff182-1f171573 {"name":"projects/ai-bloger/locations/us-central1/operations/operation-1761670701990-6423aec6742ea-d52ff182-1f171573","metadata":{"@type":"type.googleapis.com/google.cloud.functions.v2.OperationMetadata","createTime":"2025-10-28T16:58:22.707717225Z","target":"projects/ai-bloger/locations/us-central1/functions/refreshBlogs","verb":"update","cancelRequested":false,"apiVersion":"v2","requestResource":{"@type":"type.googleapis.com/google.cloud.functions.v2.Function","name":"projects/ai-bloger/locations/us-central1/functions/refreshBlogs","buildConfig":{"runtime":"nodejs22","entryPoint":"refreshBlogs","source":{"storageSource":{"bucket":"gcf-v2-sources-99120136772-us-central1","object":"refreshBlogs/function-source.zip","generation":"1761670702649849"}},"environmentVariables":{"GOOGLE_NODE_RUN_SCRIPTS":""},"dockerRepository":"projects/ai-bloger/locations/us-central1/repositories/gcf-artifacts","serviceAccount":"projects/ai-bloger/serviceAccounts/99120136772-compute@developer.gserviceaccount.com","automaticUpdatePolicy":{}},"serviceConfig":{"service":"projects/ai-bloger/locations/us-central1/services/refreshblogs","timeoutSeconds":60,"environmentVariables":{"FIREBASE_CONFIG":"{\"projectId\":\"ai-bloger\",\"storageBucket\":\"ai-bloger.firebasestorage.app\"}","GCLOUD_PROJECT":"ai-bloger","EVENTARC_CLOUD_EVENT_SOURCE":"projects/ai-bloger/locations/us-central1/services/refreshBlogs","FUNCTION_TARGET":"refreshBlogs","LOG_EXECUTION_ID":"true"},"maxInstanceCount":10,"ingressSettings":"ALLOW_ALL","uri":"https://refreshblogs-yc3qf2bq4a-uc.a.run.app","serviceAccountEmail":"99120136772-compute@developer.gserviceaccount.com","availableMemory":"256Mi","allTrafficOnLatestRevision":true,"revision":"refreshblogs-00003-jen","maxInstanceRequestConcurrency":80,"availableCpu":"1"},"state":"ACTIVE","labels":{"deployment-tool":"cli-firebase","deployment-scheduled":"true","firebase-functions-hash":"6819407c811cb78bb82ad752712ba507e9360b75"},"environment":"GEN_2","url":"https://us-central1-ai-bloger.cloudfunctions.net/refreshBlogs","satisfiesPzi":true},"stages":[{"name":"BUILD","message":"Build in progress","state":"IN_PROGRESS","resource":"projects/99120136772/locations/us-central1/builds/b7e1b924-1e07-46d9-a0f3-4e556a93df26","resourceUri":"https://console.cloud.google.com/cloud-build/builds;region=us-central1/b7e1b924-1e07-46d9-a0f3-4e556a93df26?project=99120136772"},{"name":"SERVICE","state":"NOT_STARTED"}],"operationType":"UPDATE_FUNCTION","buildName":"projects/99120136772/locations/us-central1/builds/b7e1b924-1e07-46d9-a0f3-4e556a93df26"},"done":false}
[debug] [2025-10-28T16:58:35.817Z] [update-default-us-central1-refreshBlogs] Retrying task index 0
[debug] [2025-10-28T16:58:35.817Z] Checked if tokens are valid: true, expires at: 1761671991612
[debug] [2025-10-28T16:58:35.818Z] Checked if tokens are valid: true, expires at: 1761671991612
[debug] [2025-10-28T16:58:35.818Z] >>> [apiv2][query] GET https://cloudfunctions.googleapis.com/v2/projects/ai-bloger/locations/us-central1/operations/operation-1761670701990-6423aec6742ea-d52ff182-1f171573 [none]
[debug] [2025-10-28T16:58:37.110Z] <<< [apiv2][status] GET https://cloudfunctions.googleapis.com/v2/projects/ai-bloger/locations/us-central1/operations/operation-1761670701990-6423aec6742ea-d52ff182-1f171573 200
[debug] [2025-10-28T16:58:37.111Z] <<< [apiv2][body] GET https://cloudfunctions.googleapis.com/v2/projects/ai-bloger/locations/us-central1/operations/operation-1761670701990-6423aec6742ea-d52ff182-1f171573 {"name":"projects/ai-bloger/locations/us-central1/operations/operation-1761670701990-6423aec6742ea-d52ff182-1f171573","metadata":{"@type":"type.googleapis.com/google.cloud.functions.v2.OperationMetadata","createTime":"2025-10-28T16:58:22.707717225Z","target":"projects/ai-bloger/locations/us-central1/functions/refreshBlogs","verb":"update","cancelRequested":false,"apiVersion":"v2","requestResource":{"@type":"type.googleapis.com/google.cloud.functions.v2.Function","name":"projects/ai-bloger/locations/us-central1/functions/refreshBlogs","buildConfig":{"runtime":"nodejs22","entryPoint":"refreshBlogs","source":{"storageSource":{"bucket":"gcf-v2-sources-99120136772-us-central1","object":"refreshBlogs/function-source.zip","generation":"1761670702649849"}},"environmentVariables":{"GOOGLE_NODE_RUN_SCRIPTS":""},"dockerRepository":"projects/ai-bloger/locations/us-central1/repositories/gcf-artifacts","serviceAccount":"projects/ai-bloger/serviceAccounts/99120136772-compute@developer.gserviceaccount.com","automaticUpdatePolicy":{}},"serviceConfig":{"service":"projects/ai-bloger/locations/us-central1/services/refreshblogs","timeoutSeconds":60,"environmentVariables":{"FIREBASE_CONFIG":"{\"projectId\":\"ai-bloger\",\"storageBucket\":\"ai-bloger.firebasestorage.app\"}","GCLOUD_PROJECT":"ai-bloger","EVENTARC_CLOUD_EVENT_SOURCE":"projects/ai-bloger/locations/us-central1/services/refreshBlogs","FUNCTION_TARGET":"refreshBlogs","LOG_EXECUTION_ID":"true"},"maxInstanceCount":10,"ingressSettings":"ALLOW_ALL","uri":"https://refreshblogs-yc3qf2bq4a-uc.a.run.app","serviceAccountEmail":"99120136772-compute@developer.gserviceaccount.com","availableMemory":"256Mi","allTrafficOnLatestRevision":true,"revision":"refreshblogs-00003-jen","maxInstanceRequestConcurrency":80,"availableCpu":"1"},"state":"ACTIVE","labels":{"deployment-tool":"cli-firebase","deployment-scheduled":"true","firebase-functions-hash":"6819407c811cb78bb82ad752712ba507e9360b75"},"environment":"GEN_2","url":"https://us-central1-ai-bloger.cloudfunctions.net/refreshBlogs","satisfiesPzi":true},"stages":[{"name":"BUILD","message":"Build in progress","state":"IN_PROGRESS","resource":"projects/99120136772/locations/us-central1/builds/b7e1b924-1e07-46d9-a0f3-4e556a93df26","resourceUri":"https://console.cloud.google.com/cloud-build/builds;region=us-central1/b7e1b924-1e07-46d9-a0f3-4e556a93df26?project=99120136772"},{"name":"SERVICE","state":"NOT_STARTED"}],"operationType":"UPDATE_FUNCTION","buildName":"projects/99120136772/locations/us-central1/builds/b7e1b924-1e07-46d9-a0f3-4e556a93df26"},"done":false}
[debug] [2025-10-28T16:58:45.117Z] [update-default-us-central1-refreshBlogs] Retrying task index 0
[debug] [2025-10-28T16:58:45.117Z] Checked if tokens are valid: true, expires at: 1761671991612
[debug] [2025-10-28T16:58:45.117Z] Checked if tokens are valid: true, expires at: 1761671991612
[debug] [2025-10-28T16:58:45.117Z] >>> [apiv2][query] GET https://cloudfunctions.googleapis.com/v2/projects/ai-bloger/locations/us-central1/operations/operation-1761670701990-6423aec6742ea-d52ff182-1f171573 [none]
[debug] [2025-10-28T16:58:46.470Z] <<< [apiv2][status] GET https://cloudfunctions.googleapis.com/v2/projects/ai-bloger/locations/us-central1/operations/operation-1761670701990-6423aec6742ea-d52ff182-1f171573 200
[debug] [2025-10-28T16:58:46.470Z] <<< [apiv2][body] GET https://cloudfunctions.googleapis.com/v2/projects/ai-bloger/locations/us-central1/operations/operation-1761670701990-6423aec6742ea-d52ff182-1f171573 {"name":"projects/ai-bloger/locations/us-central1/operations/operation-1761670701990-6423aec6742ea-d52ff182-1f171573","metadata":{"@type":"type.googleapis.com/google.cloud.functions.v2.OperationMetadata","createTime":"2025-10-28T16:58:22.707717225Z","target":"projects/ai-bloger/locations/us-central1/functions/refreshBlogs","verb":"update","cancelRequested":false,"apiVersion":"v2","requestResource":{"@type":"type.googleapis.com/google.cloud.functions.v2.Function","name":"projects/ai-bloger/locations/us-central1/functions/refreshBlogs","buildConfig":{"runtime":"nodejs22","entryPoint":"refreshBlogs","source":{"storageSource":{"bucket":"gcf-v2-sources-99120136772-us-central1","object":"refreshBlogs/function-source.zip","generation":"1761670702649849"}},"environmentVariables":{"GOOGLE_NODE_RUN_SCRIPTS":""},"dockerRepository":"projects/ai-bloger/locations/us-central1/repositories/gcf-artifacts","serviceAccount":"projects/ai-bloger/serviceAccounts/99120136772-compute@developer.gserviceaccount.com","automaticUpdatePolicy":{}},"serviceConfig":{"service":"projects/ai-bloger/locations/us-central1/services/refreshblogs","timeoutSeconds":60,"environmentVariables":{"FIREBASE_CONFIG":"{\"projectId\":\"ai-bloger\",\"storageBucket\":\"ai-bloger.firebasestorage.app\"}","GCLOUD_PROJECT":"ai-bloger","EVENTARC_CLOUD_EVENT_SOURCE":"projects/ai-bloger/locations/us-central1/services/refreshBlogs","FUNCTION_TARGET":"refreshBlogs","LOG_EXECUTION_ID":"true"},"maxInstanceCount":10,"ingressSettings":"ALLOW_ALL","uri":"https://refreshblogs-yc3qf2bq4a-uc.a.run.app","serviceAccountEmail":"99120136772-compute@developer.gserviceaccount.com","availableMemory":"256Mi","allTrafficOnLatestRevision":true,"revision":"refreshblogs-00003-jen","maxInstanceRequestConcurrency":80,"availableCpu":"1"},"state":"ACTIVE","labels":{"deployment-tool":"cli-firebase","deployment-scheduled":"true","firebase-functions-hash":"6819407c811cb78bb82ad752712ba507e9360b75"},"environment":"GEN_2","url":"https://us-central1-ai-bloger.cloudfunctions.net/refreshBlogs","satisfiesPzi":true},"stages":[{"name":"BUILD","message":"Build in progress","state":"IN_PROGRESS","resource":"projects/99120136772/locations/us-central1/builds/b7e1b924-1e07-46d9-a0f3-4e556a93df26","resourceUri":"https://console.cloud.google.com/cloud-build/builds;region=us-central1/b7e1b924-1e07-46d9-a0f3-4e556a93df26?project=99120136772"},{"name":"SERVICE","state":"NOT_STARTED"}],"operationType":"UPDATE_FUNCTION","buildName":"projects/99120136772/locations/us-central1/builds/b7e1b924-1e07-46d9-a0f3-4e556a93df26"},"done":false}
[debug] [2025-10-28T16:58:56.493Z] [update-default-us-central1-refreshBlogs] Retrying task index 0
[debug] [2025-10-28T16:58:56.493Z] Checked if tokens are valid: true, expires at: 1761671991612
[debug] [2025-10-28T16:58:56.494Z] Checked if tokens are valid: true, expires at: 1761671991612
[debug] [2025-10-28T16:58:56.494Z] >>> [apiv2][query] GET https://cloudfunctions.googleapis.com/v2/projects/ai-bloger/locations/us-central1/operations/operation-1761670701990-6423aec6742ea-d52ff182-1f171573 [none]
[debug] [2025-10-28T16:58:57.858Z] <<< [apiv2][status] GET https://cloudfunctions.googleapis.com/v2/projects/ai-bloger/locations/us-central1/operations/operation-1761670701990-6423aec6742ea-d52ff182-1f171573 200
[debug] [2025-10-28T16:58:57.858Z] <<< [apiv2][body] GET https://cloudfunctions.googleapis.com/v2/projects/ai-bloger/locations/us-central1/operations/operation-1761670701990-6423aec6742ea-d52ff182-1f171573 {"name":"projects/ai-bloger/locations/us-central1/operations/operation-1761670701990-6423aec6742ea-d52ff182-1f171573","metadata":{"@type":"type.googleapis.com/google.cloud.functions.v2.OperationMetadata","createTime":"2025-10-28T16:58:22.707717225Z","target":"projects/ai-bloger/locations/us-central1/functions/refreshBlogs","verb":"update","cancelRequested":false,"apiVersion":"v2","requestResource":{"@type":"type.googleapis.com/google.cloud.functions.v2.Function","name":"projects/ai-bloger/locations/us-central1/functions/refreshBlogs","buildConfig":{"runtime":"nodejs22","entryPoint":"refreshBlogs","source":{"storageSource":{"bucket":"gcf-v2-sources-99120136772-us-central1","object":"refreshBlogs/function-source.zip","generation":"1761670702649849"}},"environmentVariables":{"GOOGLE_NODE_RUN_SCRIPTS":""},"dockerRepository":"projects/ai-bloger/locations/us-central1/repositories/gcf-artifacts","serviceAccount":"projects/ai-bloger/serviceAccounts/99120136772-compute@developer.gserviceaccount.com","automaticUpdatePolicy":{}},"serviceConfig":{"service":"projects/ai-bloger/locations/us-central1/services/refreshblogs","timeoutSeconds":60,"environmentVariables":{"FIREBASE_CONFIG":"{\"projectId\":\"ai-bloger\",\"storageBucket\":\"ai-bloger.firebasestorage.app\"}","GCLOUD_PROJECT":"ai-bloger","EVENTARC_CLOUD_EVENT_SOURCE":"projects/ai-bloger/locations/us-central1/services/refreshBlogs","FUNCTION_TARGET":"refreshBlogs","LOG_EXECUTION_ID":"true"},"maxInstanceCount":10,"ingressSettings":"ALLOW_ALL","uri":"https://refreshblogs-yc3qf2bq4a-uc.a.run.app","serviceAccountEmail":"99120136772-compute@developer.gserviceaccount.com","availableMemory":"256Mi","allTrafficOnLatestRevision":true,"revision":"refreshblogs-00003-jen","maxInstanceRequestConcurrency":80,"availableCpu":"1"},"state":"ACTIVE","labels":{"deployment-tool":"cli-firebase","deployment-scheduled":"true","firebase-functions-hash":"6819407c811cb78bb82ad752712ba507e9360b75"},"environment":"GEN_2","url":"https://us-central1-ai-bloger.cloudfunctions.net/refreshBlogs","satisfiesPzi":true},"stages":[{"name":"BUILD","message":"Build in progress","state":"IN_PROGRESS","resource":"projects/99120136772/locations/us-central1/builds/b7e1b924-1e07-46d9-a0f3-4e556a93df26","resourceUri":"https://console.cloud.google.com/cloud-build/builds;region=us-central1/b7e1b924-1e07-46d9-a0f3-4e556a93df26?project=99120136772"},{"name":"SERVICE","state":"NOT_STARTED"}],"operationType":"UPDATE_FUNCTION","buildName":"projects/99120136772/locations/us-central1/builds/b7e1b924-1e07-46d9-a0f3-4e556a93df26"},"done":false}
[debug] [2025-10-28T16:59:07.859Z] [update-default-us-central1-refreshBlogs] Retrying task index 0
[debug] [2025-10-28T16:59:07.860Z] Checked if tokens are valid: true, expires at: 1761671991612
[debug] [2025-10-28T16:59:07.860Z] Checked if tokens are valid: true, expires at: 1761671991612
[debug] [2025-10-28T16:59:07.860Z] >>> [apiv2][query] GET https://cloudfunctions.googleapis.com/v2/projects/ai-bloger/locations/us-central1/operations/operation-1761670701990-6423aec6742ea-d52ff182-1f171573 [none]
[debug] [2025-10-28T16:59:10.085Z] <<< [apiv2][status] GET https://cloudfunctions.googleapis.com/v2/projects/ai-bloger/locations/us-central1/operations/operation-1761670701990-6423aec6742ea-d52ff182-1f171573 200
[debug] [2025-10-28T16:59:10.085Z] <<< [apiv2][body] GET https://cloudfunctions.googleapis.com/v2/projects/ai-bloger/locations/us-central1/operations/operation-1761670701990-6423aec6742ea-d52ff182-1f171573 {"name":"projects/ai-bloger/locations/us-central1/operations/operation-1761670701990-6423aec6742ea-d52ff182-1f171573","metadata":{"@type":"type.googleapis.com/google.cloud.functions.v2.OperationMetadata","createTime":"2025-10-28T16:58:22.707717225Z","target":"projects/ai-bloger/locations/us-central1/functions/refreshBlogs","verb":"update","cancelRequested":false,"apiVersion":"v2","requestResource":{"@type":"type.googleapis.com/google.cloud.functions.v2.Function","name":"projects/ai-bloger/locations/us-central1/functions/refreshBlogs","buildConfig":{"runtime":"nodejs22","entryPoint":"refreshBlogs","source":{"storageSource":{"bucket":"gcf-v2-sources-99120136772-us-central1","object":"refreshBlogs/function-source.zip","generation":"1761670702649849"}},"environmentVariables":{"GOOGLE_NODE_RUN_SCRIPTS":""},"dockerRepository":"projects/ai-bloger/locations/us-central1/repositories/gcf-artifacts","serviceAccount":"projects/ai-bloger/serviceAccounts/99120136772-compute@developer.gserviceaccount.com","automaticUpdatePolicy":{}},"serviceConfig":{"service":"projects/ai-bloger/locations/us-central1/services/refreshblogs","timeoutSeconds":60,"environmentVariables":{"FIREBASE_CONFIG":"{\"projectId\":\"ai-bloger\",\"storageBucket\":\"ai-bloger.firebasestorage.app\"}","GCLOUD_PROJECT":"ai-bloger","EVENTARC_CLOUD_EVENT_SOURCE":"projects/ai-bloger/locations/us-central1/services/refreshBlogs","FUNCTION_TARGET":"refreshBlogs","LOG_EXECUTION_ID":"true"},"maxInstanceCount":10,"ingressSettings":"ALLOW_ALL","uri":"https://refreshblogs-yc3qf2bq4a-uc.a.run.app","serviceAccountEmail":"99120136772-compute@developer.gserviceaccount.com","availableMemory":"256Mi","allTrafficOnLatestRevision":true,"revision":"refreshblogs-00003-jen","maxInstanceRequestConcurrency":80,"availableCpu":"1"},"state":"ACTIVE","labels":{"deployment-tool":"cli-firebase","deployment-scheduled":"true","firebase-functions-hash":"6819407c811cb78bb82ad752712ba507e9360b75"},"environment":"GEN_2","url":"https://us-central1-ai-bloger.cloudfunctions.net/refreshBlogs","satisfiesPzi":true},"stages":[{"name":"BUILD","message":"Build finished","state":"COMPLETE","resource":"projects/99120136772/locations/us-central1/builds/b7e1b924-1e07-46d9-a0f3-4e556a93df26","resourceUri":"https://console.cloud.google.com/cloud-build/builds;region=us-central1/b7e1b924-1e07-46d9-a0f3-4e556a93df26?project=99120136772"},{"name":"SERVICE","message":"Updating Cloud Run service","state":"IN_PROGRESS","resource":"projects/ai-bloger/locations/us-central1/services/refreshblogs","resourceUri":"https://console.cloud.google.com/run/detail/us-central1/refreshblogs?project=ai-bloger","stateMessages":[{"severity":"INFO","type":"CloudRunServiceNewRevisionTrafficInfo","message":"A new revision will be deployed serving with 100% traffic."}]}],"sourceToken":"ClZwcm9qZWN0cy85OTEyMDEzNjc3Mi9sb2NhdGlvbnMvdXMtY2VudHJhbDEvYnVpbGRzL2I3ZTFiOTI0LTFlMDctNDZkOS1hMGYzLTRlNTU2YTkzZGYyNhJkdXMtY2VudHJhbDEtZG9ja2VyLnBrZy5kZXYvYWktYmxvZ2VyL2djZi1hcnRpZmFjdHMvYWktLWJsb2dlcl9fdXMtLWNlbnRyYWwxX19yZWZyZXNoX2Jsb2dzOnZlcnNpb25fMRjEhJWg8QIiP3Byb2plY3RzL2FpLWJsb2dlci9sb2NhdGlvbnMvdXMtY2VudHJhbDEvZnVuY3Rpb25zL3JlZnJlc2hCbG9ncyoMCNTsg8gGEPjTqosBMghub2RlanMyMjp2CiNnY3IuaW8vZ2FlLXJ1bnRpbWVzL25vZGVqczIyOnN0YWJsZRJPdXMtY2VudHJhbDEtZG9ja2VyLnBrZy5kZXYvc2VydmVybGVzcy1ydW50aW1lcy9nb29nbGUtMjItZnVsbC9ydW50aW1lcy9ub2RlanMyMkAB","operationType":"UPDATE_FUNCTION","buildName":"projects/99120136772/locations/us-central1/builds/b7e1b924-1e07-46d9-a0f3-4e556a93df26"},"done":false}
[debug] [2025-10-28T16:59:10.086Z] Got source token ClZwcm9qZWN0cy85OTEyMDEzNjc3Mi9sb2NhdGlvbnMvdXMtY2VudHJhbDEvYnVpbGRzL2I3ZTFiOTI0LTFlMDctNDZkOS1hMGYzLTRlNTU2YTkzZGYyNhJkdXMtY2VudHJhbDEtZG9ja2VyLnBrZy5kZXYvYWktYmxvZ2VyL2djZi1hcnRpZmFjdHMvYWktLWJsb2dlcl9fdXMtLWNlbnRyYWwxX19yZWZyZXNoX2Jsb2dzOnZlcnNpb25fMRjEhJWg8QIiP3Byb2plY3RzL2FpLWJsb2dlci9sb2NhdGlvbnMvdXMtY2VudHJhbDEvZnVuY3Rpb25zL3JlZnJlc2hCbG9ncyoMCNTsg8gGEPjTqosBMghub2RlanMyMjp2CiNnY3IuaW8vZ2FlLXJ1bnRpbWVzL25vZGVqczIyOnN0YWJsZRJPdXMtY2VudHJhbDEtZG9ja2VyLnBrZy5kZXYvc2VydmVybGVzcy1ydW50aW1lcy9nb29nbGUtMjItZnVsbC9ydW50aW1lcy9ub2RlanMyMkAB for region us-central1
[debug] [2025-10-28T16:59:20.089Z] [update-default-us-central1-refreshBlogs] Retrying task index 0
[debug] [2025-10-28T16:59:20.090Z] Checked if tokens are valid: true, expires at: 1761671991612
[debug] [2025-10-28T16:59:20.090Z] Checked if tokens are valid: true, expires at: 1761671991612
[debug] [2025-10-28T16:59:20.090Z] >>> [apiv2][query] GET https://cloudfunctions.googleapis.com/v2/projects/ai-bloger/locations/us-central1/operations/operation-1761670701990-6423aec6742ea-d52ff182-1f171573 [none]
[debug] [2025-10-28T16:59:21.490Z] <<< [apiv2][status] GET https://cloudfunctions.googleapis.com/v2/projects/ai-bloger/locations/us-central1/operations/operation-1761670701990-6423aec6742ea-d52ff182-1f171573 200
[debug] [2025-10-28T16:59:21.490Z] <<< [apiv2][body] GET https://cloudfunctions.googleapis.com/v2/projects/ai-bloger/locations/us-central1/operations/operation-1761670701990-6423aec6742ea-d52ff182-1f171573 {"name":"projects/ai-bloger/locations/us-central1/operations/operation-1761670701990-6423aec6742ea-d52ff182-1f171573","metadata":{"@type":"type.googleapis.com/google.cloud.functions.v2.OperationMetadata","createTime":"2025-10-28T16:58:22.707717225Z","target":"projects/ai-bloger/locations/us-central1/functions/refreshBlogs","verb":"update","cancelRequested":false,"apiVersion":"v2","requestResource":{"@type":"type.googleapis.com/google.cloud.functions.v2.Function","name":"projects/ai-bloger/locations/us-central1/functions/refreshBlogs","buildConfig":{"runtime":"nodejs22","entryPoint":"refreshBlogs","source":{"storageSource":{"bucket":"gcf-v2-sources-99120136772-us-central1","object":"refreshBlogs/function-source.zip","generation":"1761670702649849"}},"environmentVariables":{"GOOGLE_NODE_RUN_SCRIPTS":""},"dockerRepository":"projects/ai-bloger/locations/us-central1/repositories/gcf-artifacts","serviceAccount":"projects/ai-bloger/serviceAccounts/99120136772-compute@developer.gserviceaccount.com","automaticUpdatePolicy":{}},"serviceConfig":{"service":"projects/ai-bloger/locations/us-central1/services/refreshblogs","timeoutSeconds":60,"environmentVariables":{"FIREBASE_CONFIG":"{\"projectId\":\"ai-bloger\",\"storageBucket\":\"ai-bloger.firebasestorage.app\"}","GCLOUD_PROJECT":"ai-bloger","EVENTARC_CLOUD_EVENT_SOURCE":"projects/ai-bloger/locations/us-central1/services/refreshBlogs","FUNCTION_TARGET":"refreshBlogs","LOG_EXECUTION_ID":"true"},"maxInstanceCount":10,"ingressSettings":"ALLOW_ALL","uri":"https://refreshblogs-yc3qf2bq4a-uc.a.run.app","serviceAccountEmail":"99120136772-compute@developer.gserviceaccount.com","availableMemory":"256Mi","allTrafficOnLatestRevision":true,"revision":"refreshblogs-00003-jen","maxInstanceRequestConcurrency":80,"availableCpu":"1"},"state":"ACTIVE","labels":{"deployment-tool":"cli-firebase","deployment-scheduled":"true","firebase-functions-hash":"6819407c811cb78bb82ad752712ba507e9360b75"},"environment":"GEN_2","url":"https://us-central1-ai-bloger.cloudfunctions.net/refreshBlogs","satisfiesPzi":true},"stages":[{"name":"BUILD","message":"Build finished","state":"COMPLETE","resource":"projects/99120136772/locations/us-central1/builds/b7e1b924-1e07-46d9-a0f3-4e556a93df26","resourceUri":"https://console.cloud.google.com/cloud-build/builds;region=us-central1/b7e1b924-1e07-46d9-a0f3-4e556a93df26?project=99120136772"},{"name":"SERVICE","message":"Updating Cloud Run service","state":"IN_PROGRESS","resource":"projects/ai-bloger/locations/us-central1/services/refreshblogs","resourceUri":"https://console.cloud.google.com/run/detail/us-central1/refreshblogs?project=ai-bloger","stateMessages":[{"severity":"INFO","type":"CloudRunServiceNewRevisionTrafficInfo","message":"A new revision will be deployed serving with 100% traffic."}]}],"sourceToken":"ClZwcm9qZWN0cy85OTEyMDEzNjc3Mi9sb2NhdGlvbnMvdXMtY2VudHJhbDEvYnVpbGRzL2I3ZTFiOTI0LTFlMDctNDZkOS1hMGYzLTRlNTU2YTkzZGYyNhJkdXMtY2VudHJhbDEtZG9ja2VyLnBrZy5kZXYvYWktYmxvZ2VyL2djZi1hcnRpZmFjdHMvYWktLWJsb2dlcl9fdXMtLWNlbnRyYWwxX19yZWZyZXNoX2Jsb2dzOnZlcnNpb25fMRjEhJWg8QIiP3Byb2plY3RzL2FpLWJsb2dlci9sb2NhdGlvbnMvdXMtY2VudHJhbDEvZnVuY3Rpb25zL3JlZnJlc2hCbG9ncyoMCNTsg8gGEPjTqosBMghub2RlanMyMjp2CiNnY3IuaW8vZ2FlLXJ1bnRpbWVzL25vZGVqczIyOnN0YWJsZRJPdXMtY2VudHJhbDEtZG9ja2VyLnBrZy5kZXYvc2VydmVybGVzcy1ydW50aW1lcy9nb29nbGUtMjItZnVsbC9ydW50aW1lcy9ub2RlanMyMkAB","operationType":"UPDATE_FUNCTION","buildName":"projects/99120136772/locations/us-central1/builds/b7e1b924-1e07-46d9-a0f3-4e556a93df26"},"done":false}
[debug] [2025-10-28T16:59:21.490Z] Got source token ClZwcm9qZWN0cy85OTEyMDEzNjc3Mi9sb2NhdGlvbnMvdXMtY2VudHJhbDEvYnVpbGRzL2I3ZTFiOTI0LTFlMDctNDZkOS1hMGYzLTRlNTU2YTkzZGYyNhJkdXMtY2VudHJhbDEtZG9ja2VyLnBrZy5kZXYvYWktYmxvZ2VyL2djZi1hcnRpZmFjdHMvYWktLWJsb2dlcl9fdXMtLWNlbnRyYWwxX19yZWZyZXNoX2Jsb2dzOnZlcnNpb25fMRjEhJWg8QIiP3Byb2plY3RzL2FpLWJsb2dlci9sb2NhdGlvbnMvdXMtY2VudHJhbDEvZnVuY3Rpb25zL3JlZnJlc2hCbG9ncyoMCNTsg8gGEPjTqosBMghub2RlanMyMjp2CiNnY3IuaW8vZ2FlLXJ1bnRpbWVzL25vZGVqczIyOnN0YWJsZRJPdXMtY2VudHJhbDEtZG9ja2VyLnBrZy5kZXYvc2VydmVybGVzcy1ydW50aW1lcy9nb29nbGUtMjItZnVsbC9ydW50aW1lcy9ub2RlanMyMkAB for region us-central1
[debug] [2025-10-28T16:59:31.493Z] [update-default-us-central1-refreshBlogs] Retrying task index 0
[debug] [2025-10-28T16:59:31.493Z] Checked if tokens are valid: true, expires at: 1761671991612
[debug] [2025-10-28T16:59:31.494Z] Checked if tokens are valid: true, expires at: 1761671991612
[debug] [2025-10-28T16:59:31.494Z] >>> [apiv2][query] GET https://cloudfunctions.googleapis.com/v2/projects/ai-bloger/locations/us-central1/operations/operation-1761670701990-6423aec6742ea-d52ff182-1f171573 [none]
[debug] [2025-10-28T16:59:32.883Z] <<< [apiv2][status] GET https://cloudfunctions.googleapis.com/v2/projects/ai-bloger/locations/us-central1/operations/operation-1761670701990-6423aec6742ea-d52ff182-1f171573 200
[debug] [2025-10-28T16:59:32.883Z] <<< [apiv2][body] GET https://cloudfunctions.googleapis.com/v2/projects/ai-bloger/locations/us-central1/operations/operation-1761670701990-6423aec6742ea-d52ff182-1f171573 {"name":"projects/ai-bloger/locations/us-central1/operations/operation-1761670701990-6423aec6742ea-d52ff182-1f171573","metadata":{"@type":"type.googleapis.com/google.cloud.functions.v2.OperationMetadata","createTime":"2025-10-28T16:58:22.707717225Z","target":"projects/ai-bloger/locations/us-central1/functions/refreshBlogs","verb":"update","cancelRequested":false,"apiVersion":"v2","requestResource":{"@type":"type.googleapis.com/google.cloud.functions.v2.Function","name":"projects/ai-bloger/locations/us-central1/functions/refreshBlogs","buildConfig":{"runtime":"nodejs22","entryPoint":"refreshBlogs","source":{"storageSource":{"bucket":"gcf-v2-sources-99120136772-us-central1","object":"refreshBlogs/function-source.zip","generation":"1761670702649849"}},"environmentVariables":{"GOOGLE_NODE_RUN_SCRIPTS":""},"dockerRepository":"projects/ai-bloger/locations/us-central1/repositories/gcf-artifacts","serviceAccount":"projects/ai-bloger/serviceAccounts/99120136772-compute@developer.gserviceaccount.com","automaticUpdatePolicy":{}},"serviceConfig":{"service":"projects/ai-bloger/locations/us-central1/services/refreshblogs","timeoutSeconds":60,"environmentVariables":{"FIREBASE_CONFIG":"{\"projectId\":\"ai-bloger\",\"storageBucket\":\"ai-bloger.firebasestorage.app\"}","GCLOUD_PROJECT":"ai-bloger","EVENTARC_CLOUD_EVENT_SOURCE":"projects/ai-bloger/locations/us-central1/services/refreshBlogs","FUNCTION_TARGET":"refreshBlogs","LOG_EXECUTION_ID":"true"},"maxInstanceCount":10,"ingressSettings":"ALLOW_ALL","uri":"https://refreshblogs-yc3qf2bq4a-uc.a.run.app","serviceAccountEmail":"99120136772-compute@developer.gserviceaccount.com","availableMemory":"256Mi","allTrafficOnLatestRevision":true,"revision":"refreshblogs-00003-jen","maxInstanceRequestConcurrency":80,"availableCpu":"1"},"state":"ACTIVE","labels":{"deployment-tool":"cli-firebase","deployment-scheduled":"true","firebase-functions-hash":"6819407c811cb78bb82ad752712ba507e9360b75"},"environment":"GEN_2","url":"https://us-central1-ai-bloger.cloudfunctions.net/refreshBlogs","satisfiesPzi":true},"stages":[{"name":"BUILD","message":"Build finished","state":"COMPLETE","resource":"projects/99120136772/locations/us-central1/builds/b7e1b924-1e07-46d9-a0f3-4e556a93df26","resourceUri":"https://console.cloud.google.com/cloud-build/builds;region=us-central1/b7e1b924-1e07-46d9-a0f3-4e556a93df26?project=99120136772"},{"name":"SERVICE","message":"Updating Cloud Run service","state":"IN_PROGRESS","resource":"projects/ai-bloger/locations/us-central1/services/refreshblogs","resourceUri":"https://console.cloud.google.com/run/detail/us-central1/refreshblogs?project=ai-bloger","stateMessages":[{"severity":"INFO","type":"CloudRunServiceNewRevisionTrafficInfo","message":"A new revision will be deployed serving with 100% traffic."}]}],"sourceToken":"ClZwcm9qZWN0cy85OTEyMDEzNjc3Mi9sb2NhdGlvbnMvdXMtY2VudHJhbDEvYnVpbGRzL2I3ZTFiOTI0LTFlMDctNDZkOS1hMGYzLTRlNTU2YTkzZGYyNhJkdXMtY2VudHJhbDEtZG9ja2VyLnBrZy5kZXYvYWktYmxvZ2VyL2djZi1hcnRpZmFjdHMvYWktLWJsb2dlcl9fdXMtLWNlbnRyYWwxX19yZWZyZXNoX2Jsb2dzOnZlcnNpb25fMRjEhJWg8QIiP3Byb2plY3RzL2FpLWJsb2dlci9sb2NhdGlvbnMvdXMtY2VudHJhbDEvZnVuY3Rpb25zL3JlZnJlc2hCbG9ncyoMCNTsg8gGEPjTqosBMghub2RlanMyMjp2CiNnY3IuaW8vZ2FlLXJ1bnRpbWVzL25vZGVqczIyOnN0YWJsZRJPdXMtY2VudHJhbDEtZG9ja2VyLnBrZy5kZXYvc2VydmVybGVzcy1ydW50aW1lcy9nb29nbGUtMjItZnVsbC9ydW50aW1lcy9ub2RlanMyMkAB","operationType":"UPDATE_FUNCTION","buildName":"projects/99120136772/locations/us-central1/builds/b7e1b924-1e07-46d9-a0f3-4e556a93df26"},"done":false}
[debug] [2025-10-28T16:59:32.883Z] Got source token ClZwcm9qZWN0cy85OTEyMDEzNjc3Mi9sb2NhdGlvbnMvdXMtY2VudHJhbDEvYnVpbGRzL2I3ZTFiOTI0LTFlMDctNDZkOS1hMGYzLTRlNTU2YTkzZGYyNhJkdXMtY2VudHJhbDEtZG9ja2VyLnBrZy5kZXYvYWktYmxvZ2VyL2djZi1hcnRpZmFjdHMvYWktLWJsb2dlcl9fdXMtLWNlbnRyYWwxX19yZWZyZXNoX2Jsb2dzOnZlcnNpb25fMRjEhJWg8QIiP3Byb2plY3RzL2FpLWJsb2dlci9sb2NhdGlvbnMvdXMtY2VudHJhbDEvZnVuY3Rpb25zL3JlZnJlc2hCbG9ncyoMCNTsg8gGEPjTqosBMghub2RlanMyMjp2CiNnY3IuaW8vZ2FlLXJ1bnRpbWVzL25vZGVqczIyOnN0YWJsZRJPdXMtY2VudHJhbDEtZG9ja2VyLnBrZy5kZXYvc2VydmVybGVzcy1ydW50aW1lcy9nb29nbGUtMjItZnVsbC9ydW50aW1lcy9ub2RlanMyMkAB for region us-central1
[debug] [2025-10-28T16:59:42.892Z] [update-default-us-central1-refreshBlogs] Retrying task index 0
[debug] [2025-10-28T16:59:42.892Z] Checked if tokens are valid: true, expires at: 1761671991612
[debug] [2025-10-28T16:59:42.892Z] Checked if tokens are valid: true, expires at: 1761671991612
[debug] [2025-10-28T16:59:42.893Z] >>> [apiv2][query] GET https://cloudfunctions.googleapis.com/v2/projects/ai-bloger/locations/us-central1/operations/operation-1761670701990-6423aec6742ea-d52ff182-1f171573 [none]
[debug] [2025-10-28T16:59:44.264Z] <<< [apiv2][status] GET https://cloudfunctions.googleapis.com/v2/projects/ai-bloger/locations/us-central1/operations/operation-1761670701990-6423aec6742ea-d52ff182-1f171573 200
[debug] [2025-10-28T16:59:44.264Z] <<< [apiv2][body] GET https://cloudfunctions.googleapis.com/v2/projects/ai-bloger/locations/us-central1/operations/operation-1761670701990-6423aec6742ea-d52ff182-1f171573 {"name":"projects/ai-bloger/locations/us-central1/operations/operation-1761670701990-6423aec6742ea-d52ff182-1f171573","metadata":{"@type":"type.googleapis.com/google.cloud.functions.v2.OperationMetadata","createTime":"2025-10-28T16:58:22.707717225Z","target":"projects/ai-bloger/locations/us-central1/functions/refreshBlogs","verb":"update","cancelRequested":false,"apiVersion":"v2","requestResource":{"@type":"type.googleapis.com/google.cloud.functions.v2.Function","name":"projects/ai-bloger/locations/us-central1/functions/refreshBlogs","buildConfig":{"runtime":"nodejs22","entryPoint":"refreshBlogs","source":{"storageSource":{"bucket":"gcf-v2-sources-99120136772-us-central1","object":"refreshBlogs/function-source.zip","generation":"1761670702649849"}},"environmentVariables":{"GOOGLE_NODE_RUN_SCRIPTS":""},"dockerRepository":"projects/ai-bloger/locations/us-central1/repositories/gcf-artifacts","serviceAccount":"projects/ai-bloger/serviceAccounts/99120136772-compute@developer.gserviceaccount.com","automaticUpdatePolicy":{}},"serviceConfig":{"service":"projects/ai-bloger/locations/us-central1/services/refreshblogs","timeoutSeconds":60,"environmentVariables":{"FIREBASE_CONFIG":"{\"projectId\":\"ai-bloger\",\"storageBucket\":\"ai-bloger.firebasestorage.app\"}","GCLOUD_PROJECT":"ai-bloger","EVENTARC_CLOUD_EVENT_SOURCE":"projects/ai-bloger/locations/us-central1/services/refreshBlogs","FUNCTION_TARGET":"refreshBlogs","LOG_EXECUTION_ID":"true"},"maxInstanceCount":10,"ingressSettings":"ALLOW_ALL","uri":"https://refreshblogs-yc3qf2bq4a-uc.a.run.app","serviceAccountEmail":"99120136772-compute@developer.gserviceaccount.com","availableMemory":"256Mi","allTrafficOnLatestRevision":true,"revision":"refreshblogs-00003-jen","maxInstanceRequestConcurrency":80,"availableCpu":"1"},"state":"ACTIVE","labels":{"deployment-tool":"cli-firebase","deployment-scheduled":"true","firebase-functions-hash":"6819407c811cb78bb82ad752712ba507e9360b75"},"environment":"GEN_2","url":"https://us-central1-ai-bloger.cloudfunctions.net/refreshBlogs","satisfiesPzi":true},"stages":[{"name":"BUILD","message":"Build finished","state":"COMPLETE","resource":"projects/99120136772/locations/us-central1/builds/b7e1b924-1e07-46d9-a0f3-4e556a93df26","resourceUri":"https://console.cloud.google.com/cloud-build/builds;region=us-central1/b7e1b924-1e07-46d9-a0f3-4e556a93df26?project=99120136772"},{"name":"SERVICE","message":"Updating Cloud Run service","state":"IN_PROGRESS","resource":"projects/ai-bloger/locations/us-central1/services/refreshblogs","resourceUri":"https://console.cloud.google.com/run/detail/us-central1/refreshblogs?project=ai-bloger","stateMessages":[{"severity":"INFO","type":"CloudRunServiceNewRevisionTrafficInfo","message":"A new revision will be deployed serving with 100% traffic."}]}],"sourceToken":"ClZwcm9qZWN0cy85OTEyMDEzNjc3Mi9sb2NhdGlvbnMvdXMtY2VudHJhbDEvYnVpbGRzL2I3ZTFiOTI0LTFlMDctNDZkOS1hMGYzLTRlNTU2YTkzZGYyNhJkdXMtY2VudHJhbDEtZG9ja2VyLnBrZy5kZXYvYWktYmxvZ2VyL2djZi1hcnRpZmFjdHMvYWktLWJsb2dlcl9fdXMtLWNlbnRyYWwxX19yZWZyZXNoX2Jsb2dzOnZlcnNpb25fMRjEhJWg8QIiP3Byb2plY3RzL2FpLWJsb2dlci9sb2NhdGlvbnMvdXMtY2VudHJhbDEvZnVuY3Rpb25zL3JlZnJlc2hCbG9ncyoMCNTsg8gGEPjTqosBMghub2RlanMyMjp2CiNnY3IuaW8vZ2FlLXJ1bnRpbWVzL25vZGVqczIyOnN0YWJsZRJPdXMtY2VudHJhbDEtZG9ja2VyLnBrZy5kZXYvc2VydmVybGVzcy1ydW50aW1lcy9nb29nbGUtMjItZnVsbC9ydW50aW1lcy9ub2RlanMyMkAB","operationType":"UPDATE_FUNCTION","buildName":"projects/99120136772/locations/us-central1/builds/b7e1b924-1e07-46d9-a0f3-4e556a93df26"},"done":false}
[debug] [2025-10-28T16:59:44.264Z] Got source token ClZwcm9qZWN0cy85OTEyMDEzNjc3Mi9sb2NhdGlvbnMvdXMtY2VudHJhbDEvYnVpbGRzL2I3ZTFiOTI0LTFlMDctNDZkOS1hMGYzLTRlNTU2YTkzZGYyNhJkdXMtY2VudHJhbDEtZG9ja2VyLnBrZy5kZXYvYWktYmxvZ2VyL2djZi1hcnRpZmFjdHMvYWktLWJsb2dlcl9fdXMtLWNlbnRyYWwxX19yZWZyZXNoX2Jsb2dzOnZlcnNpb25fMRjEhJWg8QIiP3Byb2plY3RzL2FpLWJsb2dlci9sb2NhdGlvbnMvdXMtY2VudHJhbDEvZnVuY3Rpb25zL3JlZnJlc2hCbG9ncyoMCNTsg8gGEPjTqosBMghub2RlanMyMjp2CiNnY3IuaW8vZ2FlLXJ1bnRpbWVzL25vZGVqczIyOnN0YWJsZRJPdXMtY2VudHJhbDEtZG9ja2VyLnBrZy5kZXYvc2VydmVybGVzcy1ydW50aW1lcy9nb29nbGUtMjItZnVsbC9ydW50aW1lcy9ub2RlanMyMkAB for region us-central1
[debug] [2025-10-28T16:59:54.279Z] [update-default-us-central1-refreshBlogs] Retrying task index 0
[debug] [2025-10-28T16:59:54.280Z] Checked if tokens are valid: true, expires at: 1761671991612
[debug] [2025-10-28T16:59:54.280Z] Checked if tokens are valid: true, expires at: 1761671991612
[debug] [2025-10-28T16:59:54.280Z] >>> [apiv2][query] GET https://cloudfunctions.googleapis.com/v2/projects/ai-bloger/locations/us-central1/operations/operation-1761670701990-6423aec6742ea-d52ff182-1f171573 [none]
[debug] [2025-10-28T16:59:55.643Z] <<< [apiv2][status] GET https://cloudfunctions.googleapis.com/v2/projects/ai-bloger/locations/us-central1/operations/operation-1761670701990-6423aec6742ea-d52ff182-1f171573 200
[debug] [2025-10-28T16:59:55.643Z] <<< [apiv2][body] GET https://cloudfunctions.googleapis.com/v2/projects/ai-bloger/locations/us-central1/operations/operation-1761670701990-6423aec6742ea-d52ff182-1f171573 {"name":"projects/ai-bloger/locations/us-central1/operations/operation-1761670701990-6423aec6742ea-d52ff182-1f171573","metadata":{"@type":"type.googleapis.com/google.cloud.functions.v2.OperationMetadata","createTime":"2025-10-28T16:58:22.707717225Z","target":"projects/ai-bloger/locations/us-central1/functions/refreshBlogs","verb":"update","cancelRequested":false,"apiVersion":"v2","requestResource":{"@type":"type.googleapis.com/google.cloud.functions.v2.Function","name":"projects/ai-bloger/locations/us-central1/functions/refreshBlogs","buildConfig":{"runtime":"nodejs22","entryPoint":"refreshBlogs","source":{"storageSource":{"bucket":"gcf-v2-sources-99120136772-us-central1","object":"refreshBlogs/function-source.zip","generation":"1761670702649849"}},"environmentVariables":{"GOOGLE_NODE_RUN_SCRIPTS":""},"dockerRepository":"projects/ai-bloger/locations/us-central1/repositories/gcf-artifacts","serviceAccount":"projects/ai-bloger/serviceAccounts/99120136772-compute@developer.gserviceaccount.com","automaticUpdatePolicy":{}},"serviceConfig":{"service":"projects/ai-bloger/locations/us-central1/services/refreshblogs","timeoutSeconds":60,"environmentVariables":{"FIREBASE_CONFIG":"{\"projectId\":\"ai-bloger\",\"storageBucket\":\"ai-bloger.firebasestorage.app\"}","GCLOUD_PROJECT":"ai-bloger","EVENTARC_CLOUD_EVENT_SOURCE":"projects/ai-bloger/locations/us-central1/services/refreshBlogs","FUNCTION_TARGET":"refreshBlogs","LOG_EXECUTION_ID":"true"},"maxInstanceCount":10,"ingressSettings":"ALLOW_ALL","uri":"https://refreshblogs-yc3qf2bq4a-uc.a.run.app","serviceAccountEmail":"99120136772-compute@developer.gserviceaccount.com","availableMemory":"256Mi","allTrafficOnLatestRevision":true,"revision":"refreshblogs-00003-jen","maxInstanceRequestConcurrency":80,"availableCpu":"1"},"state":"ACTIVE","labels":{"deployment-tool":"cli-firebase","deployment-scheduled":"true","firebase-functions-hash":"6819407c811cb78bb82ad752712ba507e9360b75"},"environment":"GEN_2","url":"https://us-central1-ai-bloger.cloudfunctions.net/refreshBlogs","satisfiesPzi":true},"stages":[{"name":"BUILD","message":"Build finished","state":"COMPLETE","resource":"projects/99120136772/locations/us-central1/builds/b7e1b924-1e07-46d9-a0f3-4e556a93df26","resourceUri":"https://console.cloud.google.com/cloud-build/builds;region=us-central1/b7e1b924-1e07-46d9-a0f3-4e556a93df26?project=99120136772"},{"name":"SERVICE","message":"Updating Cloud Run service","state":"IN_PROGRESS","resource":"projects/ai-bloger/locations/us-central1/services/refreshblogs","resourceUri":"https://console.cloud.google.com/run/detail/us-central1/refreshblogs?project=ai-bloger","stateMessages":[{"severity":"INFO","type":"CloudRunServiceNewRevisionTrafficInfo","message":"A new revision will be deployed serving with 100% traffic."}]}],"sourceToken":"ClZwcm9qZWN0cy85OTEyMDEzNjc3Mi9sb2NhdGlvbnMvdXMtY2VudHJhbDEvYnVpbGRzL2I3ZTFiOTI0LTFlMDctNDZkOS1hMGYzLTRlNTU2YTkzZGYyNhJkdXMtY2VudHJhbDEtZG9ja2VyLnBrZy5kZXYvYWktYmxvZ2VyL2djZi1hcnRpZmFjdHMvYWktLWJsb2dlcl9fdXMtLWNlbnRyYWwxX19yZWZyZXNoX2Jsb2dzOnZlcnNpb25fMRjEhJWg8QIiP3Byb2plY3RzL2FpLWJsb2dlci9sb2NhdGlvbnMvdXMtY2VudHJhbDEvZnVuY3Rpb25zL3JlZnJlc2hCbG9ncyoMCNTsg8gGEPjTqosBMghub2RlanMyMjp2CiNnY3IuaW8vZ2FlLXJ1bnRpbWVzL25vZGVqczIyOnN0YWJsZRJPdXMtY2VudHJhbDEtZG9ja2VyLnBrZy5kZXYvc2VydmVybGVzcy1ydW50aW1lcy9nb29nbGUtMjItZnVsbC9ydW50aW1lcy9ub2RlanMyMkAB","operationType":"UPDATE_FUNCTION","buildName":"projects/99120136772/locations/us-central1/builds/b7e1b924-1e07-46d9-a0f3-4e556a93df26"},"done":false}
[debug] [2025-10-28T16:59:55.643Z] Got source token ClZwcm9qZWN0cy85OTEyMDEzNjc3Mi9sb2NhdGlvbnMvdXMtY2VudHJhbDEvYnVpbGRzL2I3ZTFiOTI0LTFlMDctNDZkOS1hMGYzLTRlNTU2YTkzZGYyNhJkdXMtY2VudHJhbDEtZG9ja2VyLnBrZy5kZXYvYWktYmxvZ2VyL2djZi1hcnRpZmFjdHMvYWktLWJsb2dlcl9fdXMtLWNlbnRyYWwxX19yZWZyZXNoX2Jsb2dzOnZlcnNpb25fMRjEhJWg8QIiP3Byb2plY3RzL2FpLWJsb2dlci9sb2NhdGlvbnMvdXMtY2VudHJhbDEvZnVuY3Rpb25zL3JlZnJlc2hCbG9ncyoMCNTsg8gGEPjTqosBMghub2RlanMyMjp2CiNnY3IuaW8vZ2FlLXJ1bnRpbWVzL25vZGVqczIyOnN0YWJsZRJPdXMtY2VudHJhbDEtZG9ja2VyLnBrZy5kZXYvc2VydmVybGVzcy1ydW50aW1lcy9nb29nbGUtMjItZnVsbC9ydW50aW1lcy9ub2RlanMyMkAB for region us-central1
[debug] [2025-10-28T17:00:05.645Z] [update-default-us-central1-refreshBlogs] Retrying task index 0
[debug] [2025-10-28T17:00:05.646Z] Checked if tokens are valid: true, expires at: 1761671991612
[debug] [2025-10-28T17:00:05.646Z] Checked if tokens are valid: true, expires at: 1761671991612
[debug] [2025-10-28T17:00:05.646Z] >>> [apiv2][query] GET https://cloudfunctions.googleapis.com/v2/projects/ai-bloger/locations/us-central1/operations/operation-1761670701990-6423aec6742ea-d52ff182-1f171573 [none]
[debug] [2025-10-28T17:00:07.007Z] <<< [apiv2][status] GET https://cloudfunctions.googleapis.com/v2/projects/ai-bloger/locations/us-central1/operations/operation-1761670701990-6423aec6742ea-d52ff182-1f171573 200
[debug] [2025-10-28T17:00:07.008Z] <<< [apiv2][body] GET https://cloudfunctions.googleapis.com/v2/projects/ai-bloger/locations/us-central1/operations/operation-1761670701990-6423aec6742ea-d52ff182-1f171573 {"name":"projects/ai-bloger/locations/us-central1/operations/operation-1761670701990-6423aec6742ea-d52ff182-1f171573","metadata":{"@type":"type.googleapis.com/google.cloud.functions.v2.OperationMetadata","createTime":"2025-10-28T16:58:22.707717225Z","target":"projects/ai-bloger/locations/us-central1/functions/refreshBlogs","verb":"update","cancelRequested":false,"apiVersion":"v2","requestResource":{"@type":"type.googleapis.com/google.cloud.functions.v2.Function","name":"projects/ai-bloger/locations/us-central1/functions/refreshBlogs","buildConfig":{"runtime":"nodejs22","entryPoint":"refreshBlogs","source":{"storageSource":{"bucket":"gcf-v2-sources-99120136772-us-central1","object":"refreshBlogs/function-source.zip","generation":"1761670702649849"}},"environmentVariables":{"GOOGLE_NODE_RUN_SCRIPTS":""},"dockerRepository":"projects/ai-bloger/locations/us-central1/repositories/gcf-artifacts","serviceAccount":"projects/ai-bloger/serviceAccounts/99120136772-compute@developer.gserviceaccount.com","automaticUpdatePolicy":{}},"serviceConfig":{"service":"projects/ai-bloger/locations/us-central1/services/refreshblogs","timeoutSeconds":60,"environmentVariables":{"FIREBASE_CONFIG":"{\"projectId\":\"ai-bloger\",\"storageBucket\":\"ai-bloger.firebasestorage.app\"}","GCLOUD_PROJECT":"ai-bloger","EVENTARC_CLOUD_EVENT_SOURCE":"projects/ai-bloger/locations/us-central1/services/refreshBlogs","FUNCTION_TARGET":"refreshBlogs","LOG_EXECUTION_ID":"true"},"maxInstanceCount":10,"ingressSettings":"ALLOW_ALL","uri":"https://refreshblogs-yc3qf2bq4a-uc.a.run.app","serviceAccountEmail":"99120136772-compute@developer.gserviceaccount.com","availableMemory":"256Mi","allTrafficOnLatestRevision":true,"revision":"refreshblogs-00003-jen","maxInstanceRequestConcurrency":80,"availableCpu":"1"},"state":"ACTIVE","labels":{"deployment-tool":"cli-firebase","deployment-scheduled":"true","firebase-functions-hash":"6819407c811cb78bb82ad752712ba507e9360b75"},"environment":"GEN_2","url":"https://us-central1-ai-bloger.cloudfunctions.net/refreshBlogs","satisfiesPzi":true},"stages":[{"name":"BUILD","message":"Build finished","state":"COMPLETE","resource":"projects/99120136772/locations/us-central1/builds/b7e1b924-1e07-46d9-a0f3-4e556a93df26","resourceUri":"https://console.cloud.google.com/cloud-build/builds;region=us-central1/b7e1b924-1e07-46d9-a0f3-4e556a93df26?project=99120136772"},{"name":"SERVICE","message":"Updating Cloud Run service","state":"IN_PROGRESS","resource":"projects/ai-bloger/locations/us-central1/services/refreshblogs","resourceUri":"https://console.cloud.google.com/run/detail/us-central1/refreshblogs?project=ai-bloger","stateMessages":[{"severity":"INFO","type":"CloudRunServiceNewRevisionTrafficInfo","message":"A new revision will be deployed serving with 100% traffic."}]}],"sourceToken":"ClZwcm9qZWN0cy85OTEyMDEzNjc3Mi9sb2NhdGlvbnMvdXMtY2VudHJhbDEvYnVpbGRzL2I3ZTFiOTI0LTFlMDctNDZkOS1hMGYzLTRlNTU2YTkzZGYyNhJkdXMtY2VudHJhbDEtZG9ja2VyLnBrZy5kZXYvYWktYmxvZ2VyL2djZi1hcnRpZmFjdHMvYWktLWJsb2dlcl9fdXMtLWNlbnRyYWwxX19yZWZyZXNoX2Jsb2dzOnZlcnNpb25fMRjEhJWg8QIiP3Byb2plY3RzL2FpLWJsb2dlci9sb2NhdGlvbnMvdXMtY2VudHJhbDEvZnVuY3Rpb25zL3JlZnJlc2hCbG9ncyoMCNTsg8gGEPjTqosBMghub2RlanMyMjp2CiNnY3IuaW8vZ2FlLXJ1bnRpbWVzL25vZGVqczIyOnN0YWJsZRJPdXMtY2VudHJhbDEtZG9ja2VyLnBrZy5kZXYvc2VydmVybGVzcy1ydW50aW1lcy9nb29nbGUtMjItZnVsbC9ydW50aW1lcy9ub2RlanMyMkAB","operationType":"UPDATE_FUNCTION","buildName":"projects/99120136772/locations/us-central1/builds/b7e1b924-1e07-46d9-a0f3-4e556a93df26"},"done":false}
[debug] [2025-10-28T17:00:07.008Z] Got source token ClZwcm9qZWN0cy85OTEyMDEzNjc3Mi9sb2NhdGlvbnMvdXMtY2VudHJhbDEvYnVpbGRzL2I3ZTFiOTI0LTFlMDctNDZkOS1hMGYzLTRlNTU2YTkzZGYyNhJkdXMtY2VudHJhbDEtZG9ja2VyLnBrZy5kZXYvYWktYmxvZ2VyL2djZi1hcnRpZmFjdHMvYWktLWJsb2dlcl9fdXMtLWNlbnRyYWwxX19yZWZyZXNoX2Jsb2dzOnZlcnNpb25fMRjEhJWg8QIiP3Byb2plY3RzL2FpLWJsb2dlci9sb2NhdGlvbnMvdXMtY2VudHJhbDEvZnVuY3Rpb25zL3JlZnJlc2hCbG9ncyoMCNTsg8gGEPjTqosBMghub2RlanMyMjp2CiNnY3IuaW8vZ2FlLXJ1bnRpbWVzL25vZGVqczIyOnN0YWJsZRJPdXMtY2VudHJhbDEtZG9ja2VyLnBrZy5kZXYvc2VydmVybGVzcy1ydW50aW1lcy9nb29nbGUtMjItZnVsbC9ydW50aW1lcy9ub2RlanMyMkAB for region us-central1
[debug] [2025-10-28T17:00:17.011Z] [update-default-us-central1-refreshBlogs] Retrying task index 0
[debug] [2025-10-28T17:00:17.011Z] Checked if tokens are valid: true, expires at: 1761671991612
[debug] [2025-10-28T17:00:17.011Z] Checked if tokens are valid: true, expires at: 1761671991612
[debug] [2025-10-28T17:00:17.011Z] >>> [apiv2][query] GET https://cloudfunctions.googleapis.com/v2/projects/ai-bloger/locations/us-central1/operations/operation-1761670701990-6423aec6742ea-d52ff182-1f171573 [none]
[debug] [2025-10-28T17:00:18.437Z] <<< [apiv2][status] GET https://cloudfunctions.googleapis.com/v2/projects/ai-bloger/locations/us-central1/operations/operation-1761670701990-6423aec6742ea-d52ff182-1f171573 200
[debug] [2025-10-28T17:00:18.438Z] <<< [apiv2][body] GET https://cloudfunctions.googleapis.com/v2/projects/ai-bloger/locations/us-central1/operations/operation-1761670701990-6423aec6742ea-d52ff182-1f171573 {"name":"projects/ai-bloger/locations/us-central1/operations/operation-1761670701990-6423aec6742ea-d52ff182-1f171573","metadata":{"@type":"type.googleapis.com/google.cloud.functions.v2.OperationMetadata","createTime":"2025-10-28T16:58:22.707717225Z","endTime":"2025-10-28T17:00:11.278057735Z","target":"projects/ai-bloger/locations/us-central1/functions/refreshBlogs","verb":"update","cancelRequested":false,"apiVersion":"v2","requestResource":{"@type":"type.googleapis.com/google.cloud.functions.v2.Function","name":"projects/ai-bloger/locations/us-central1/functions/refreshBlogs","buildConfig":{"runtime":"nodejs22","entryPoint":"refreshBlogs","source":{"storageSource":{"bucket":"gcf-v2-sources-99120136772-us-central1","object":"refreshBlogs/function-source.zip","generation":"1761670702649849"}},"environmentVariables":{"GOOGLE_NODE_RUN_SCRIPTS":""},"dockerRepository":"projects/ai-bloger/locations/us-central1/repositories/gcf-artifacts","serviceAccount":"projects/ai-bloger/serviceAccounts/99120136772-compute@developer.gserviceaccount.com","automaticUpdatePolicy":{}},"serviceConfig":{"service":"projects/ai-bloger/locations/us-central1/services/refreshblogs","timeoutSeconds":60,"environmentVariables":{"FIREBASE_CONFIG":"{\"projectId\":\"ai-bloger\",\"storageBucket\":\"ai-bloger.firebasestorage.app\"}","GCLOUD_PROJECT":"ai-bloger","EVENTARC_CLOUD_EVENT_SOURCE":"projects/ai-bloger/locations/us-central1/services/refreshBlogs","FUNCTION_TARGET":"refreshBlogs","LOG_EXECUTION_ID":"true"},"maxInstanceCount":10,"ingressSettings":"ALLOW_ALL","uri":"https://refreshblogs-yc3qf2bq4a-uc.a.run.app","serviceAccountEmail":"99120136772-compute@developer.gserviceaccount.com","availableMemory":"256Mi","allTrafficOnLatestRevision":true,"revision":"refreshblogs-00003-jen","maxInstanceRequestConcurrency":80,"availableCpu":"1"},"state":"ACTIVE","labels":{"deployment-tool":"cli-firebase","deployment-scheduled":"true","firebase-functions-hash":"6819407c811cb78bb82ad752712ba507e9360b75"},"environment":"GEN_2","url":"https://us-central1-ai-bloger.cloudfunctions.net/refreshBlogs","satisfiesPzi":true},"stages":[{"name":"SERVICE","state":"NOT_STARTED"}],"operationType":"UPDATE_FUNCTION"},"done":true,"error":{"code":3,"message":"Could not create or update Cloud Run service refreshblogs, Container Healthcheck failed. Revision 'refreshblogs-00004-sax' is not ready and cannot serve traffic. The user-provided container failed to start and listen on the port defined provided by the PORT=8080 environment variable within the allocated timeout. This can happen when the container port is misconfigured or if the timeout is too short. The health check timeout can be extended. Logs for this revision might contain more information.\n\nLogs URL: https://console.cloud.google.com/logs/viewer?project=ai-bloger&resource=cloud_run_revision/service_name/refreshblogs/revision_name/refreshblogs-00004-sax&advancedFilter=resource.type%3D%22cloud_run_revision%22%0Aresource.labels.service_name%3D%22refreshblogs%22%0Aresource.labels.revision_name%3D%22refreshblogs-00004-sax%22 \nFor more troubleshooting guidance, see https://cloud.google.com/run/docs/troubleshooting#container-failed-to-start"}}
[debug] [2025-10-28T17:00:18.438Z] Got source token undefined for region us-central1
[error] Could not create or update Cloud Run service refreshblogs, Container Healthcheck failed. Revision 'refreshblogs-00004-sax' is not ready and cannot serve traffic. The user-provided container failed to start and listen on the port defined provided by the PORT=8080 environment variable within the allocated timeout. This can happen when the container port is misconfigured or if the timeout is too short. The health check timeout can be extended. Logs for this revision might contain more information.

Logs URL: https://console.cloud.google.com/logs/viewer?project=ai-bloger&resource=cloud_run_revision/service_name/refreshblogs/revision_name/refreshblogs-00004-sax&advancedFilter=resource.type%3D%22cloud_run_revision%22%0Aresource.labels.service_name%3D%22refreshblogs%22%0Aresource.labels.revision_name%3D%22refreshblogs-00004-sax%22 
For more troubleshooting guidance, see https://cloud.google.com/run/docs/troubleshooting#container-failed-to-start
[debug] [2025-10-28T17:00:18.444Z] Total Function Deployment time: 117551
[debug] [2025-10-28T17:00:18.444Z] 1 Functions Deployed
[debug] [2025-10-28T17:00:18.444Z] 1 Functions Errored
[debug] [2025-10-28T17:00:18.444Z] 0 Function Deployments Aborted
[debug] [2025-10-28T17:00:18.444Z] Average Function Deployment time: 117550
[info] 
[info] Functions deploy had errors with the following functions:
	refreshBlogs(us-central1)
[debug] [2025-10-28T17:00:18.589Z] Checked if tokens are valid: true, expires at: 1761671991612
[debug] [2025-10-28T17:00:18.589Z] Checked if tokens are valid: true, expires at: 1761671991612
[debug] [2025-10-28T17:00:18.589Z] >>> [apiv2][query] GET https://artifactregistry.googleapis.com/v1/projects/ai-bloger/locations/us-central1/repositories/gcf-artifacts [none]
[debug] [2025-10-28T17:00:20.011Z] <<< [apiv2][status] GET https://artifactregistry.googleapis.com/v1/projects/ai-bloger/locations/us-central1/repositories/gcf-artifacts 200
[debug] [2025-10-28T17:00:20.011Z] <<< [apiv2][body] GET https://artifactregistry.googleapis.com/v1/projects/ai-bloger/locations/us-central1/repositories/gcf-artifacts {"name":"projects/ai-bloger/locations/us-central1/repositories/gcf-artifacts","format":"DOCKER","description":"This repository is created and used by Cloud Functions for storing function docker images.","labels":{"goog-managed-by":"cloudfunctions"},"createTime":"2025-10-28T15:46:43.407818Z","updateTime":"2025-10-28T16:58:47.915931Z","mode":"STANDARD_REPOSITORY","cleanupPolicies":{"firebase-functions-cleanup":{"id":"firebase-functions-cleanup","action":"DELETE","condition":{"tagState":"ANY","olderThan":"2592000s"}}},"sizeBytes":"135273396","vulnerabilityScanningConfig":{"lastEnableTime":"2025-10-28T15:46:31.917375924Z","enablementState":"SCANNING_DISABLED","enablementStateReason":"API containerscanning.googleapis.com is not enabled."},"satisfiesPzi":true,"registryUri":"us-central1-docker.pkg.dev/ai-bloger/gcf-artifacts"}
[debug] [2025-10-28T17:00:20.012Z] Functions deploy failed.
[debug] [2025-10-28T17:00:20.012Z] {
  "endpoint": {
    "id": "refreshBlogs",
    "project": "ai-bloger",
    "region": "us-central1",
    "entryPoint": "refreshBlogs",
    "platform": "gcfv2",
    "runtime": "nodejs22",
    "scheduleTrigger": {
      "schedule": "every 60 minutes",
      "timeZone": null,
      "retryConfig": {
        "maxBackoffSeconds": null,
        "minBackoffSeconds": null,
        "maxRetrySeconds": null,
        "retryCount": null,
        "maxDoublings": null
      }
    },
    "labels": {
      "deployment-tool": "cli-firebase"
    },
    "serviceAccount": null,
    "ingressSettings": null,
    "availableMemoryMb": null,
    "timeoutSeconds": null,
    "maxInstances": 10,
    "minInstances": null,
    "concurrency": 80,
    "vpc": null,
    "environmentVariables": {
      "FIREBASE_CONFIG": "{\"projectId\":\"ai-bloger\",\"storageBucket\":\"ai-bloger.firebasestorage.app\"}",
      "GCLOUD_PROJECT": "ai-bloger",
      "EVENTARC_CLOUD_EVENT_SOURCE": "projects/ai-bloger/locations/us-central1/services/refreshBlogs",
      "FUNCTION_TARGET": "refreshBlogs",
      "LOG_EXECUTION_ID": "true"
    },
    "codebase": "default",
    "runServiceId": "refreshblogs",
    "cpu": 1,
    "securityLevel": "SECURE_ALWAYS",
    "targetedByOnly": false,
    "hash": "6819407c811cb78bb82ad752712ba507e9360b75"
  },
  "op": "update",
  "original": {
    "name": "FirebaseError",
    "children": [],
    "exit": 1,
    "message": "Could not create or update Cloud Run service refreshblogs, Container Healthcheck failed. Revision 'refreshblogs-00004-sax' is not ready and cannot serve traffic. The user-provided container failed to start and listen on the port defined provided by the PORT=8080 environment variable within the allocated timeout. This can happen when the container port is misconfigured or if the timeout is too short. The health check timeout can be extended. Logs for this revision might contain more information.\n\nLogs URL: https://console.cloud.google.com/logs/viewer?project=ai-bloger&resource=cloud_run_revision/service_name/refreshblogs/revision_name/refreshblogs-00004-sax&advancedFilter=resource.type%3D%22cloud_run_revision%22%0Aresource.labels.service_name%3D%22refreshblogs%22%0Aresource.labels.revision_name%3D%22refreshblogs-00004-sax%22 \nFor more troubleshooting guidance, see https://cloud.google.com/run/docs/troubleshooting#container-failed-to-start",
    "original": {
      "code": 3,
      "message": "Could not create or update Cloud Run service refreshblogs, Container Healthcheck failed. Revision 'refreshblogs-00004-sax' is not ready and cannot serve traffic. The user-provided container failed to start and listen on the port defined provided by the PORT=8080 environment variable within the allocated timeout. This can happen when the container port is misconfigured or if the timeout is too short. The health check timeout can be extended. Logs for this revision might contain more information.\n\nLogs URL: https://console.cloud.google.com/logs/viewer?project=ai-bloger&resource=cloud_run_revision/service_name/refreshblogs/revision_name/refreshblogs-00004-sax&advancedFilter=resource.type%3D%22cloud_run_revision%22%0Aresource.labels.service_name%3D%22refreshblogs%22%0Aresource.labels.revision_name%3D%22refreshblogs-00004-sax%22 \nFor more troubleshooting guidance, see https://cloud.google.com/run/docs/troubleshooting#container-failed-to-start"
    },
    "status": 3,
    "code": 3
  }
}
[debug] [2025-10-28T17:00:20.098Z] Error: Failed to update function refreshBlogs in region us-central1
    at C:\Users\sumit\AppData\Roaming\npm\node_modules\firebase-tools\lib\deploy\functions\release\fabricator.js:411:19
    at process.processTicksAndRejections (node:internal/process/task_queues:105:5)
    at async Fabricator.updateV2Function (C:\Users\sumit\AppData\Roaming\npm\node_modules\firebase-tools\lib\deploy\functions\release\fabricator.js:400:32)
    at async Fabricator.updateEndpoint (C:\Users\sumit\AppData\Roaming\npm\node_modules\firebase-tools\lib\deploy\functions\release\fabricator.js:160:13)
    at async handle (C:\Users\sumit\AppData\Roaming\npm\node_modules\firebase-tools\lib\deploy\functions\release\fabricator.js:89:17)
[error] 
[error] Error: There was an error deploying functions
